Using pre-set license
Built from '2020.3/staging' branch; Version is '2020.3.25f1 (9b9180224418) revision 10195328'; Using compiler version '192528614'; Build Type 'Release'
OS: 'Windows 11  (10.0.22000) 64bit Professional' Language: 'en' Physical Memory: 8016 MB
BatchMode: 1, IsHumanControllingUs: 0, StartBugReporterOnCrash: 0, Is64bit: 1, IsPro: 0

COMMAND LINE ARGUMENTS:
C:\Program Files\Unity\Hub\Editor\2020.3.25f1\Editor\Unity.exe
-adb2
-batchMode
-noUpm
-name
AssetImportWorker0
-projectPath
C:/Users/Administrator/Documents/Game/Survive Among The Galaxy
-logFile
Logs/AssetImportWorker0.log
-srvPort
58390
Successfully changed project path to: C:/Users/Administrator/Documents/Game/Survive Among The Galaxy
C:/Users/Administrator/Documents/Game/Survive Among The Galaxy
Using Asset Import Pipeline V2.
Refreshing native plugins compatible for Editor in 68.39 ms, found 3 plugins.
Preloading 0 native plugins for Editor in 0.00 ms.
Initialize engine version: 2020.3.25f1 (9b9180224418)
[Subsystems] Discovering subsystems at path C:/Program Files/Unity/Hub/Editor/2020.3.25f1/Editor/Data/Resources/UnitySubsystems
[Subsystems] Discovering subsystems at path C:/Users/Administrator/Documents/Game/Survive Among The Galaxy/Assets
GfxDevice: creating device client; threaded=0
Direct3D:
    Version:  Direct3D 11.0 [level 11.1]
    Renderer: Intel(R) UHD Graphics (ID=0x9b41)
    Vendor:   
    VRAM:     4008 MB
    Driver:   26.20.100.7642
Initialize mono
Mono path[0] = 'C:/Program Files/Unity/Hub/Editor/2020.3.25f1/Editor/Data/Managed'
Mono path[1] = 'C:/Program Files/Unity/Hub/Editor/2020.3.25f1/Editor/Data/MonoBleedingEdge/lib/mono/unityjit'
Mono config path = 'C:/Program Files/Unity/Hub/Editor/2020.3.25f1/Editor/Data/MonoBleedingEdge/etc'
Using monoOptions --debugger-agent=transport=dt_socket,embedding=1,server=y,suspend=n,address=127.0.0.1:56168
Begin MonoManager ReloadAssembly
Registering precompiled unity dll's ...
Register platform support module: C:/Program Files/Unity/Hub/Editor/2020.3.25f1/Editor/Data/PlaybackEngines/WindowsStandaloneSupport/UnityEditor.WindowsStandalone.Extensions.dll
Registered in 0.001842 seconds.
Native extension for WindowsStandalone target not found
Refreshing native plugins compatible for Editor in 102.39 ms, found 3 plugins.
Preloading 0 native plugins for Editor in 0.00 ms.
Mono: successfully reloaded assembly
- Completed reload, in  1.212 seconds
Domain Reload Profiling:
	ReloadAssembly (1212ms)
		BeginReloadAssembly (90ms)
			ExecutionOrderSort (0ms)
			DisableScriptedObjects (0ms)
			BackupInstance (0ms)
			ReleaseScriptingObjects (0ms)
			CreateAndSetChildDomain (1ms)
		EndReloadAssembly (973ms)
			LoadAssemblies (88ms)
			RebuildTransferFunctionScriptingTraits (0ms)
			SetupTypeCache (311ms)
			ReleaseScriptCaches (0ms)
			RebuildScriptCaches (51ms)
			SetupLoadedEditorAssemblies (409ms)
				LogAssemblyErrors (0ms)
				InitializePlatformSupportModulesInManaged (6ms)
				SetLoadedEditorAssemblies (0ms)
				RefreshPlugins (103ms)
				BeforeProcessingInitializeOnLoad (30ms)
				ProcessInitializeOnLoadAttributes (220ms)
				ProcessInitializeOnLoadMethodAttributes (49ms)
				AfterProcessingInitializeOnLoad (0ms)
				EditorAssembliesLoaded (0ms)
			ExecutionOrderSort2 (0ms)
			AwakeInstancesAfterBackupRestoration (0ms)
Platform modules already initialized, skipping
Registering precompiled user dll's ...
Registered in 0.021632 seconds.
Begin MonoManager ReloadAssembly
Native extension for WindowsStandalone target not found
Refreshing native plugins compatible for Editor in 95.54 ms, found 3 plugins.
Preloading 0 native plugins for Editor in 0.00 ms.
Mono: successfully reloaded assembly
- Completed reload, in  2.345 seconds
Domain Reload Profiling:
	ReloadAssembly (2346ms)
		BeginReloadAssembly (235ms)
			ExecutionOrderSort (0ms)
			DisableScriptedObjects (7ms)
			BackupInstance (0ms)
			ReleaseScriptingObjects (0ms)
			CreateAndSetChildDomain (30ms)
		EndReloadAssembly (1966ms)
			LoadAssemblies (279ms)
			RebuildTransferFunctionScriptingTraits (0ms)
			SetupTypeCache (681ms)
			ReleaseScriptCaches (1ms)
			RebuildScriptCaches (80ms)
			SetupLoadedEditorAssemblies (663ms)
				LogAssemblyErrors (0ms)
				InitializePlatformSupportModulesInManaged (5ms)
				SetLoadedEditorAssemblies (0ms)
				RefreshPlugins (96ms)
				BeforeProcessingInitializeOnLoad (146ms)
				ProcessInitializeOnLoadAttributes (376ms)
				ProcessInitializeOnLoadMethodAttributes (25ms)
				AfterProcessingInitializeOnLoad (14ms)
				EditorAssembliesLoaded (1ms)
			ExecutionOrderSort2 (0ms)
			AwakeInstancesAfterBackupRestoration (10ms)
Platform modules already initialized, skipping
========================================================================
Worker process is ready to serve import requests
Launched and connected shader compiler UnityShaderCompiler.exe after 0.07 seconds
Refreshing native plugins compatible for Editor in 5.81 ms, found 3 plugins.
Preloading 0 native plugins for Editor in 0.00 ms.
Unloading 2194 Unused Serialized files (Serialized files now loaded: 0)
System memory in use before: 95.8 MB.
System memory in use after: 95.9 MB.

Unloading 28 unused Assets to reduce memory usage. Loaded Objects now: 2628.
Total: 3.771300 ms (FindLiveObjects: 0.204600 ms CreateObjectMapping: 0.102000 ms MarkObjects: 3.393700 ms  DeleteObjects: 0.069800 ms)

AssetImportParameters requested are different than current active one (requested -> active):
  custom:framework-win-MediaFoundation: 216162199b28c13a410421893ffa2e32 -> 
  custom:video-decoder-ogg-theora: a1e56fd34408186e4bbccfd4996cb3dc -> 
  custom:container-muxer-webm: aa71ff27fc2769a1b78a27578f13a17b -> 
  custom:container-demuxer-webm: 4f35f7cbe854078d1ac9338744f61a02 -> 
  custom:container-demuxer-ogg: 62fdf1f143b41e24485cea50d1cbac27 -> 
  custom:video-encoder-webm-vp8: eb34c28f22e8b96e1ab97ce403110664 -> 
  custom:video-decoder-webm-vp8: 9c59270c3fd7afecdb556c50c9e8de78 -> 
  custom:audio-decoder-ogg-vorbis: bf7c407c2cedff20999df2af8eb42d56 -> 
  custom:audio-encoder-webm-vorbis: bf7c407c2cedff20999df2af8eb42d56 -> 
========================================================================
Received Import Request.
  path: Assets/Sprites/Blocks/Stone2.png
  artifactKey: Guid(00ae0125fcaab6942979154f6275ae0b) Importer(815301076,1909f56bfc062723c751e8b465ee728b)
Start importing Assets/Sprites/Blocks/Stone2.png using Guid(00ae0125fcaab6942979154f6275ae0b) Importer(815301076,1909f56bfc062723c751e8b465ee728b)  -> (artifact id: '576727092e1e8c110a05a32dd0849076') in 0.165245 seconds 
  Import took 0.179430 seconds .

========================================================================
Received Import Request.
  Time since last request: 0.001612 seconds.
  path: Assets/Sprites/Blocks/wooden2.png
  artifactKey: Guid(523c8eac9010ad8488199928f8784114) Importer(815301076,1909f56bfc062723c751e8b465ee728b)
Start importing Assets/Sprites/Blocks/wooden2.png using Guid(523c8eac9010ad8488199928f8784114) Importer(815301076,1909f56bfc062723c751e8b465ee728b)  -> (artifact id: '5d598666bf508f2fe36182817a4d0d20') in 0.024033 seconds 
  Import took 0.031782 seconds .

========================================================================
Received Import Request.
  Time since last request: 11.390715 seconds.
  path: Assets/Sprites/Buildings
  artifactKey: Guid(802f941a802f1d0498a272ec93899ae8) Importer(815301076,1909f56bfc062723c751e8b465ee728b)
Start importing Assets/Sprites/Buildings using Guid(802f941a802f1d0498a272ec93899ae8) Importer(815301076,1909f56bfc062723c751e8b465ee728b)  -> (artifact id: '326a500116a5ab14fd4c3533c92567a9') in 0.004780 seconds 
  Import took 0.022064 seconds .

========================================================================
Received Import Request.
  Time since last request: 28.667824 seconds.
  path: Assets/Sprites/Buildings/ground.jpg
  artifactKey: Guid(4047f63b5eb16954288cd48139fbca72) Importer(815301076,1909f56bfc062723c751e8b465ee728b)
Start importing Assets/Sprites/Buildings/ground.jpg using Guid(4047f63b5eb16954288cd48139fbca72) Importer(815301076,1909f56bfc062723c751e8b465ee728b)  -> (artifact id: 'ccf9e5a7032ad7081b2f921ee3568777') in 0.065064 seconds 
  Import took 0.080568 seconds .

========================================================================
Received Import Request.
  Time since last request: 10.274956 seconds.
  path: Assets/Sprites/Buildings/ground.jpg
  artifactKey: Guid(4047f63b5eb16954288cd48139fbca72) Importer(815301076,1909f56bfc062723c751e8b465ee728b)
Start importing Assets/Sprites/Buildings/ground.jpg using Guid(4047f63b5eb16954288cd48139fbca72) Importer(815301076,1909f56bfc062723c751e8b465ee728b)  -> (artifact id: '25546a22d6b3dc0024327e77c98ced4b') in 0.050576 seconds 
  Import took 0.070117 seconds .

========================================================================
Received Import Request.
  Time since last request: 29.090257 seconds.
  path: Assets/Sprites/Buildings/ground.jpg
  artifactKey: Guid(4047f63b5eb16954288cd48139fbca72) Importer(815301076,1909f56bfc062723c751e8b465ee728b)
Start importing Assets/Sprites/Buildings/ground.jpg using Guid(4047f63b5eb16954288cd48139fbca72) Importer(815301076,1909f56bfc062723c751e8b465ee728b)  -> (artifact id: '38a9788b7fc7c7535f4d010fe5e7ac22') in 0.031936 seconds 
  Import took 0.037983 seconds .

========================================================================
Received Import Request.
  Time since last request: 78.632698 seconds.
  path: Assets/Sprites/Buildings/ground.jpg
  artifactKey: Guid(4047f63b5eb16954288cd48139fbca72) Importer(815301076,1909f56bfc062723c751e8b465ee728b)
Start importing Assets/Sprites/Buildings/ground.jpg using Guid(4047f63b5eb16954288cd48139fbca72) Importer(815301076,1909f56bfc062723c751e8b465ee728b)  -> (artifact id: 'f8d073f586f710fa74974827e22145b9') in 0.031038 seconds 
  Import took 0.038607 seconds .

========================================================================
Received Import Request.
  Time since last request: 189.388379 seconds.
  path: Assets/Sprites/Buildings/Wall3.png
  artifactKey: Guid(f77f12ea7dcce84468ce6d2d540c2bf6) Importer(815301076,1909f56bfc062723c751e8b465ee728b)
Start importing Assets/Sprites/Buildings/Wall3.png using Guid(f77f12ea7dcce84468ce6d2d540c2bf6) Importer(815301076,1909f56bfc062723c751e8b465ee728b)  -> (artifact id: 'ab2effac6e681b6320702b2c5fb35224') in 0.033665 seconds 
  Import took 0.043771 seconds .

========================================================================
Received Import Request.
  Time since last request: 222.489749 seconds.
  path: Assets/Sprites/Buildings/Wall5.png
  artifactKey: Guid(2d8fa752a38f2fe47b6b4b2dc11163df) Importer(815301076,1909f56bfc062723c751e8b465ee728b)
Start importing Assets/Sprites/Buildings/Wall5.png using Guid(2d8fa752a38f2fe47b6b4b2dc11163df) Importer(815301076,1909f56bfc062723c751e8b465ee728b)  -> (artifact id: '9fe8f93bb41e57fd8b074d8ab0fffddc') in 0.032079 seconds 
  Import took 0.042163 seconds .

========================================================================
Received Import Request.
  Time since last request: 30.281242 seconds.
  path: Assets/Sprites/Buildings/Wall5.png
  artifactKey: Guid(2d8fa752a38f2fe47b6b4b2dc11163df) Importer(815301076,1909f56bfc062723c751e8b465ee728b)
Start importing Assets/Sprites/Buildings/Wall5.png using Guid(2d8fa752a38f2fe47b6b4b2dc11163df) Importer(815301076,1909f56bfc062723c751e8b465ee728b)  -> (artifact id: '46df78c788237df4302403894965665d') in 0.028828 seconds 
  Import took 0.034424 seconds .

========================================================================
Received Import Request.
  Time since last request: 28.552055 seconds.
  path: Assets/Sprites/Buildings/Wall5.png
  artifactKey: Guid(2d8fa752a38f2fe47b6b4b2dc11163df) Importer(815301076,1909f56bfc062723c751e8b465ee728b)
Start importing Assets/Sprites/Buildings/Wall5.png using Guid(2d8fa752a38f2fe47b6b4b2dc11163df) Importer(815301076,1909f56bfc062723c751e8b465ee728b)  -> (artifact id: '3c6e8e3bfe98672a605547beff8334f6') in 0.027898 seconds 
  Import took 0.037816 seconds .

========================================================================
Received Import Request.
  Time since last request: 103.355358 seconds.
  path: Assets/Sprites/Buildings/Wall5.png
  artifactKey: Guid(2d8fa752a38f2fe47b6b4b2dc11163df) Importer(815301076,1909f56bfc062723c751e8b465ee728b)
Start importing Assets/Sprites/Buildings/Wall5.png using Guid(2d8fa752a38f2fe47b6b4b2dc11163df) Importer(815301076,1909f56bfc062723c751e8b465ee728b)  -> (artifact id: '1fc86e4d15d193ce348d82aab0e72598') in 0.042636 seconds 
  Import took 0.058045 seconds .

========================================================================
Received Import Request.
  Time since last request: 790.268538 seconds.
  path: Assets/Sprites/Nature/Bush2.png
  artifactKey: Guid(a239853948a87be498789d8b9e3c4881) Importer(815301076,1909f56bfc062723c751e8b465ee728b)
Start importing Assets/Sprites/Nature/Bush2.png using Guid(a239853948a87be498789d8b9e3c4881) Importer(815301076,1909f56bfc062723c751e8b465ee728b)  -> (artifact id: 'da9cfde10b1354a3d6d6c10f93f5b8ff') in 0.034889 seconds 
  Import took 0.050960 seconds .

========================================================================
Received Import Request.
  Time since last request: 6.233970 seconds.
  path: Assets/Sprites/Nature/Stone2.png
  artifactKey: Guid(b3584d51c5b6d81498a448bbffcdde9a) Importer(815301076,1909f56bfc062723c751e8b465ee728b)
Start importing Assets/Sprites/Nature/Stone2.png using Guid(b3584d51c5b6d81498a448bbffcdde9a) Importer(815301076,1909f56bfc062723c751e8b465ee728b)  -> (artifact id: 'b07318d3d9c1b70fd7c7ff4dbd86ef13') in 0.052426 seconds 
  Import took 0.060871 seconds .

========================================================================
Received Import Request.
  Time since last request: 6.300645 seconds.
  path: Assets/Sprites/Nature/Stone1.png
  artifactKey: Guid(9de074f04912e1044bfaed4da2845879) Importer(815301076,1909f56bfc062723c751e8b465ee728b)
Start importing Assets/Sprites/Nature/Stone1.png using Guid(9de074f04912e1044bfaed4da2845879) Importer(815301076,1909f56bfc062723c751e8b465ee728b)  -> (artifact id: '3d576e8e7249b8b7424b3c8cfdf587b8') in 0.026067 seconds 
  Import took 0.033748 seconds .

========================================================================
Received Import Request.
  Time since last request: 117.726643 seconds.
  path: Assets/Sprites/Nature/Stone3.png
  artifactKey: Guid(e5f35d56cbd602548ad4ae6278f3e7ba) Importer(815301076,1909f56bfc062723c751e8b465ee728b)
Start importing Assets/Sprites/Nature/Stone3.png using Guid(e5f35d56cbd602548ad4ae6278f3e7ba) Importer(815301076,1909f56bfc062723c751e8b465ee728b)  -> (artifact id: 'da544089be8be52b4f65eba3c00800b6') in 0.047655 seconds 
  Import took 0.054775 seconds .

========================================================================
Received Import Request.
  Time since last request: 1066.448904 seconds.
  path: Assets/Prefabs/Stone2.prefab
  artifactKey: Guid(088d53100a2fba34cbec57c31f841016) Importer(815301076,1909f56bfc062723c751e8b465ee728b)
Start importing Assets/Prefabs/Stone2.prefab using Guid(088d53100a2fba34cbec57c31f841016) Importer(815301076,1909f56bfc062723c751e8b465ee728b)  -> (artifact id: '560e4085a5e560a698be4b821e509d49') in 0.090790 seconds 
  Import took 0.099843 seconds .

========================================================================
Received Import Request.
  Time since last request: 89.610723 seconds.
  path: Assets/Sprites/Buildings/DoorReinforced.png
  artifactKey: Guid(1f1f9b763f3b3a24ea5e0a659c53dedd) Importer(815301076,1909f56bfc062723c751e8b465ee728b)
Start importing Assets/Sprites/Buildings/DoorReinforced.png using Guid(1f1f9b763f3b3a24ea5e0a659c53dedd) Importer(815301076,1909f56bfc062723c751e8b465ee728b)  -> (artifact id: '8136a2346830b438505e72be235dd254') in 0.034588 seconds 
  Import took 0.046166 seconds .

========================================================================
Received Import Request.
  Time since last request: 1.009017 seconds.
  path: Assets/Sprites/Buildings/DoorWooden.png
  artifactKey: Guid(65b6219d77fd6a14f8e0dc4af71cc2d4) Importer(815301076,1909f56bfc062723c751e8b465ee728b)
Start importing Assets/Sprites/Buildings/DoorWooden.png using Guid(65b6219d77fd6a14f8e0dc4af71cc2d4) Importer(815301076,1909f56bfc062723c751e8b465ee728b)  -> (artifact id: '00fb6e483a93cba6831baf4e9887a170') in 0.030431 seconds 
  Import took 0.038315 seconds .

========================================================================
Received Import Request.
  Time since last request: 15.724642 seconds.
  path: Assets/Sprites/Creatures/Alien1.png
  artifactKey: Guid(1eaabfea0c533c04d9c488d185e7454e) Importer(815301076,1909f56bfc062723c751e8b465ee728b)
Start importing Assets/Sprites/Creatures/Alien1.png using Guid(1eaabfea0c533c04d9c488d185e7454e) Importer(815301076,1909f56bfc062723c751e8b465ee728b)  -> (artifact id: 'c26faea9ab428d43f21b39cad931f3b3') in 0.029785 seconds 
  Import took 0.036984 seconds .

========================================================================
Received Import Request.
  Time since last request: 0.000332 seconds.
  path: Assets/Sprites/Creatures/Zombie.png
  artifactKey: Guid(1e4e66e2d53daec4cabfd7ac56ebc458) Importer(815301076,1909f56bfc062723c751e8b465ee728b)
Start importing Assets/Sprites/Creatures/Zombie.png using Guid(1e4e66e2d53daec4cabfd7ac56ebc458) Importer(815301076,1909f56bfc062723c751e8b465ee728b)  -> (artifact id: 'ff264e177521c34c20bf6584d78b6169') in 0.035542 seconds 
  Import took 0.046187 seconds .

========================================================================
Received Import Request.
  Time since last request: 0.000898 seconds.
  path: Assets/Sprites/Creatures/Skeleton.png
  artifactKey: Guid(337edf809d5766242af4708c7f4d80f0) Importer(815301076,1909f56bfc062723c751e8b465ee728b)
Start importing Assets/Sprites/Creatures/Skeleton.png using Guid(337edf809d5766242af4708c7f4d80f0) Importer(815301076,1909f56bfc062723c751e8b465ee728b)  -> (artifact id: '4bf68f3f2da1f9649573f43049efa132') in 0.029131 seconds 
  Import took 0.035400 seconds .

========================================================================
Received Import Request.
  Time since last request: 0.000749 seconds.
  path: Assets/Sprites/Creatures/Robot.png
  artifactKey: Guid(4f510331afd51bf40906b990dbdc0c9f) Importer(815301076,1909f56bfc062723c751e8b465ee728b)
Start importing Assets/Sprites/Creatures/Robot.png using Guid(4f510331afd51bf40906b990dbdc0c9f) Importer(815301076,1909f56bfc062723c751e8b465ee728b)  -> (artifact id: 'ade1e405876c5ba49f6ff54a78e9c456') in 0.035320 seconds 
  Import took 0.050177 seconds .

========================================================================
Received Import Request.
  Time since last request: 0.000346 seconds.
  path: Assets/Sprites/Creatures/Alien2.png
  artifactKey: Guid(9c3c175801454c441ac89163e45e326e) Importer(815301076,1909f56bfc062723c751e8b465ee728b)
Start importing Assets/Sprites/Creatures/Alien2.png using Guid(9c3c175801454c441ac89163e45e326e) Importer(815301076,1909f56bfc062723c751e8b465ee728b)  -> (artifact id: 'aa446b68598900ac3eae58e573416b7b') in 0.030521 seconds 
  Import took 0.040798 seconds .

========================================================================
Received Import Request.
  Time since last request: 0.000452 seconds.
  path: Assets/Sprites/Creatures/Bee.png
  artifactKey: Guid(a466ce28b563c884bb32f8f50910c938) Importer(815301076,1909f56bfc062723c751e8b465ee728b)
Start importing Assets/Sprites/Creatures/Bee.png using Guid(a466ce28b563c884bb32f8f50910c938) Importer(815301076,1909f56bfc062723c751e8b465ee728b)  -> (artifact id: 'a305575d14c2bc0a0b7652d87759ced9') in 0.024312 seconds 
  Import took 0.039368 seconds .

========================================================================
Received Import Request.
  Time since last request: 0.000787 seconds.
  path: Assets/Sprites/Creatures/Orc.png
  artifactKey: Guid(59ee515eecd8c0947a5056eeae38cab4) Importer(815301076,1909f56bfc062723c751e8b465ee728b)
Start importing Assets/Sprites/Creatures/Orc.png using Guid(59ee515eecd8c0947a5056eeae38cab4) Importer(815301076,1909f56bfc062723c751e8b465ee728b)  -> (artifact id: '4bb1413be99e39685e749c43ce1e9ccb') in 0.029111 seconds 
  Import took 0.037569 seconds .

========================================================================
Received Import Request.
  Time since last request: 0.000750 seconds.
  path: Assets/Sprites/Creatures/Slime.png
  artifactKey: Guid(8940db677b8b73c4b81e45318caf122e) Importer(815301076,1909f56bfc062723c751e8b465ee728b)
Start importing Assets/Sprites/Creatures/Slime.png using Guid(8940db677b8b73c4b81e45318caf122e) Importer(815301076,1909f56bfc062723c751e8b465ee728b)  -> (artifact id: 'cb6b6de36192d9855a3a53142e67809b') in 0.029227 seconds 
  Import took 0.046936 seconds .

========================================================================
Received Import Request.
  Time since last request: 0.001018 seconds.
  path: Assets/Sprites/Creatures/Fish.png
  artifactKey: Guid(bbfe75157afc7794f9e0030e4717a1c5) Importer(815301076,1909f56bfc062723c751e8b465ee728b)
Start importing Assets/Sprites/Creatures/Fish.png using Guid(bbfe75157afc7794f9e0030e4717a1c5) Importer(815301076,1909f56bfc062723c751e8b465ee728b)  -> (artifact id: '09e2fd7b3c936f186adc0573dff890db') in 0.026739 seconds 
  Import took 0.039016 seconds .

========================================================================
Received Import Request.
  Time since last request: 0.000847 seconds.
  path: Assets/Sprites/Creatures/Ghost.png
  artifactKey: Guid(fde2a1a584e8ec64dab7be930b3ce140) Importer(815301076,1909f56bfc062723c751e8b465ee728b)
Start importing Assets/Sprites/Creatures/Ghost.png using Guid(fde2a1a584e8ec64dab7be930b3ce140) Importer(815301076,1909f56bfc062723c751e8b465ee728b)  -> (artifact id: '3b69985b14fd73ccf6630c71d8050bca') in 0.027309 seconds 
  Import took 0.037908 seconds .

========================================================================
Received Import Request.
  Time since last request: 1.951576 seconds.
  path: Assets/Sprites/FloorTiles/BlockStoneFloor.png
  artifactKey: Guid(06ba543b82712b147b6f04d28e8dbdda) Importer(815301076,1909f56bfc062723c751e8b465ee728b)
Start importing Assets/Sprites/FloorTiles/BlockStoneFloor.png using Guid(06ba543b82712b147b6f04d28e8dbdda) Importer(815301076,1909f56bfc062723c751e8b465ee728b)  -> (artifact id: 'c0d207e7de7ac94fa26c9d5dedabcacf') in 0.011980 seconds 
  Import took 0.018383 seconds .

========================================================================
Received Import Request.
  Time since last request: 0.000304 seconds.
  path: Assets/Sprites/FloorTiles/WoodenFloor1.png
  artifactKey: Guid(6d18d68e26389d543b9b2fc3759dfd14) Importer(815301076,1909f56bfc062723c751e8b465ee728b)
Start importing Assets/Sprites/FloorTiles/WoodenFloor1.png using Guid(6d18d68e26389d543b9b2fc3759dfd14) Importer(815301076,1909f56bfc062723c751e8b465ee728b)  -> (artifact id: '17f0f2f0a2496af32a5f5f5b98deb943') in 0.018499 seconds 
  Import took 0.031877 seconds .

========================================================================
Received Import Request.
  Time since last request: 0.000443 seconds.
  path: Assets/Sprites/FloorTiles/BricksFloor.png
  artifactKey: Guid(6a36033b03a2c904ea746a7b99e58fbf) Importer(815301076,1909f56bfc062723c751e8b465ee728b)
Start importing Assets/Sprites/FloorTiles/BricksFloor.png using Guid(6a36033b03a2c904ea746a7b99e58fbf) Importer(815301076,1909f56bfc062723c751e8b465ee728b)  -> (artifact id: 'da45b1c2173bcf5518cdeba558ae18c7') in 0.028239 seconds 
  Import took 0.039065 seconds .

========================================================================
Received Import Request.
  Time since last request: 0.000987 seconds.
  path: Assets/Sprites/FloorTiles/CobblestoneFloor2.png
  artifactKey: Guid(e4b61a9aa81e5dc448abe3eda1383eac) Importer(815301076,1909f56bfc062723c751e8b465ee728b)
Start importing Assets/Sprites/FloorTiles/CobblestoneFloor2.png using Guid(e4b61a9aa81e5dc448abe3eda1383eac) Importer(815301076,1909f56bfc062723c751e8b465ee728b)  -> (artifact id: '6a4a5258695a1cbb2b4fc7df8134bab2') in 0.029325 seconds 
  Import took 0.045099 seconds .

========================================================================
Received Import Request.
  Time since last request: 0.001382 seconds.
  path: Assets/Sprites/FloorTiles/PlanksFloor1.png
  artifactKey: Guid(48e6bf017c4c19e4da07ebda90e25a8c) Importer(815301076,1909f56bfc062723c751e8b465ee728b)
Start importing Assets/Sprites/FloorTiles/PlanksFloor1.png using Guid(48e6bf017c4c19e4da07ebda90e25a8c) Importer(815301076,1909f56bfc062723c751e8b465ee728b)  -> (artifact id: '52aa592175b566c0670b99b4f782f607') in 0.036056 seconds 
  Import took 0.047493 seconds .

========================================================================
Received Import Request.
  Time since last request: 0.000507 seconds.
  path: Assets/Sprites/FloorTiles/Cobblestonefloor3.png
  artifactKey: Guid(f20b6bb3697392245bc8710f2651a19a) Importer(815301076,1909f56bfc062723c751e8b465ee728b)
Start importing Assets/Sprites/FloorTiles/Cobblestonefloor3.png using Guid(f20b6bb3697392245bc8710f2651a19a) Importer(815301076,1909f56bfc062723c751e8b465ee728b)  -> (artifact id: '35b6c530e54daedf8b9bc32da44ff455') in 0.031883 seconds 
  Import took 0.045080 seconds .

========================================================================
Received Import Request.
  Time since last request: 0.000556 seconds.
  path: Assets/Sprites/FloorTiles/StoneFloor2.png
  artifactKey: Guid(176516393d96adf44b5f060015c781a0) Importer(815301076,1909f56bfc062723c751e8b465ee728b)
Start importing Assets/Sprites/FloorTiles/StoneFloor2.png using Guid(176516393d96adf44b5f060015c781a0) Importer(815301076,1909f56bfc062723c751e8b465ee728b)  -> (artifact id: '1e3a9f94c2d6df0bd3e436afa360b553') in 0.031652 seconds 
  Import took 0.040713 seconds .

========================================================================
Received Import Request.
  Time since last request: 0.000604 seconds.
  path: Assets/Sprites/FloorTiles/GrassFloor2.png
  artifactKey: Guid(a27310a9ac59af94498581e8bfdf4f49) Importer(815301076,1909f56bfc062723c751e8b465ee728b)
Start importing Assets/Sprites/FloorTiles/GrassFloor2.png using Guid(a27310a9ac59af94498581e8bfdf4f49) Importer(815301076,1909f56bfc062723c751e8b465ee728b)  -> (artifact id: 'd52ce31aeab645464e562a7610d4eaa9') in 0.022779 seconds 
  Import took 0.039056 seconds .

========================================================================
Received Import Request.
  Time since last request: 0.000795 seconds.
  path: Assets/Sprites/FloorTiles/WoodenFloor2.png
  artifactKey: Guid(f8524e4bbd7b1774f9d8979c29c88d31) Importer(815301076,1909f56bfc062723c751e8b465ee728b)
Start importing Assets/Sprites/FloorTiles/WoodenFloor2.png using Guid(f8524e4bbd7b1774f9d8979c29c88d31) Importer(815301076,1909f56bfc062723c751e8b465ee728b)  -> (artifact id: '54d42eab15a34b351268fcf78d8876b5') in 0.028234 seconds 
  Import took 0.041349 seconds .

========================================================================
Received Import Request.
  Time since last request: 0.000345 seconds.
  path: Assets/Sprites/FloorTiles/WoodenFloor3.png
  artifactKey: Guid(b9e9110315e57864ea9836125072f082) Importer(815301076,1909f56bfc062723c751e8b465ee728b)
Start importing Assets/Sprites/FloorTiles/WoodenFloor3.png using Guid(b9e9110315e57864ea9836125072f082) Importer(815301076,1909f56bfc062723c751e8b465ee728b)  -> (artifact id: '8a805a641f870b40911f7dd405d7f58d') in 0.029208 seconds 
  Import took 0.045526 seconds .

========================================================================
Received Import Request.
  Time since last request: 0.001730 seconds.
  path: Assets/Sprites/FloorTiles/BlockWoodFloor.png
  artifactKey: Guid(f954558e42e09fe4aa16538c0267164f) Importer(815301076,1909f56bfc062723c751e8b465ee728b)
Start importing Assets/Sprites/FloorTiles/BlockWoodFloor.png using Guid(f954558e42e09fe4aa16538c0267164f) Importer(815301076,1909f56bfc062723c751e8b465ee728b)  -> (artifact id: '11788b471c76b605716152e8f39bd1e5') in 0.030285 seconds 
  Import took 0.040998 seconds .

========================================================================
Received Import Request.
  Time since last request: 0.001133 seconds.
  path: Assets/Sprites/FloorTiles/GrassFloor3.png
  artifactKey: Guid(3c1904957146632419a1f39d7430e273) Importer(815301076,1909f56bfc062723c751e8b465ee728b)
Start importing Assets/Sprites/FloorTiles/GrassFloor3.png using Guid(3c1904957146632419a1f39d7430e273) Importer(815301076,1909f56bfc062723c751e8b465ee728b)  -> (artifact id: '4321de8e3efa75afb030a513d15d3afc') in 0.028100 seconds 
  Import took 0.043352 seconds .

========================================================================
Received Import Request.
  Time since last request: 0.000904 seconds.
  path: Assets/Sprites/FloorTiles/GrassFloor1.png
  artifactKey: Guid(efce500737e15b24da6c945b394cf598) Importer(815301076,1909f56bfc062723c751e8b465ee728b)
Start importing Assets/Sprites/FloorTiles/GrassFloor1.png using Guid(efce500737e15b24da6c945b394cf598) Importer(815301076,1909f56bfc062723c751e8b465ee728b)  -> (artifact id: '08a610db3b928c51e92cfcb71cba34d3') in 0.023731 seconds 
  Import took 0.037657 seconds .

========================================================================
Received Import Request.
  Time since last request: 0.001238 seconds.
  path: Assets/Sprites/FloorTiles/CobblestoneFloor1.png
  artifactKey: Guid(066a8f667a0995644a07d56db1dbb1d6) Importer(815301076,1909f56bfc062723c751e8b465ee728b)
Start importing Assets/Sprites/FloorTiles/CobblestoneFloor1.png using Guid(066a8f667a0995644a07d56db1dbb1d6) Importer(815301076,1909f56bfc062723c751e8b465ee728b)  -> (artifact id: 'd44999e7dc08d6f69d3b1cd32446f882') in 0.032531 seconds 
  Import took 0.050129 seconds .

========================================================================
Received Import Request.
  Time since last request: 0.001034 seconds.
  path: Assets/Sprites/FloorTiles/StoneFloor3.png
  artifactKey: Guid(b385b7fbe43e15c428ab2877978fabea) Importer(815301076,1909f56bfc062723c751e8b465ee728b)
Start importing Assets/Sprites/FloorTiles/StoneFloor3.png using Guid(b385b7fbe43e15c428ab2877978fabea) Importer(815301076,1909f56bfc062723c751e8b465ee728b)  -> (artifact id: 'e9597f13107991db342e26c0afd50911') in 0.028507 seconds 
  Import took 0.039316 seconds .

========================================================================
Received Import Request.
  Time since last request: 0.000320 seconds.
  path: Assets/Sprites/FloorTiles/StoneFloor1.png
  artifactKey: Guid(e50f1799fa70cf948b122fe631e3ad4f) Importer(815301076,1909f56bfc062723c751e8b465ee728b)
Start importing Assets/Sprites/FloorTiles/StoneFloor1.png using Guid(e50f1799fa70cf948b122fe631e3ad4f) Importer(815301076,1909f56bfc062723c751e8b465ee728b)  -> (artifact id: '2685fe8bf975451752b02a0c78e8902f') in 0.043184 seconds 
  Import took 0.051649 seconds .

========================================================================
Received Import Request.
  Time since last request: 0.650345 seconds.
  path: Assets/Sprites/GameElements/Bomb.png
  artifactKey: Guid(92310cd8fa26e9f42880da58d0c61974) Importer(815301076,1909f56bfc062723c751e8b465ee728b)
Start importing Assets/Sprites/GameElements/Bomb.png using Guid(92310cd8fa26e9f42880da58d0c61974) Importer(815301076,1909f56bfc062723c751e8b465ee728b)  -> (artifact id: 'ff00046cc6517fc37713172b31a192e1') in 0.025982 seconds 
  Import took 0.036837 seconds .

========================================================================
Received Import Request.
  Time since last request: 0.000366 seconds.
  path: Assets/Sprites/GameElements/KeyKing.png
  artifactKey: Guid(026c154dcf5a92743bf6251600aef3f6) Importer(815301076,1909f56bfc062723c751e8b465ee728b)
Start importing Assets/Sprites/GameElements/KeyKing.png using Guid(026c154dcf5a92743bf6251600aef3f6) Importer(815301076,1909f56bfc062723c751e8b465ee728b)  -> (artifact id: 'ede087ea3a521916e3581bd05969f6d0') in 0.016310 seconds 
  Import took 0.024233 seconds .

========================================================================
Received Import Request.
  Time since last request: 0.001153 seconds.
  path: Assets/Sprites/GameElements/Coin.png
  artifactKey: Guid(b9df09de8e6723d4596d9b699dd3dd5a) Importer(815301076,1909f56bfc062723c751e8b465ee728b)
Start importing Assets/Sprites/GameElements/Coin.png using Guid(b9df09de8e6723d4596d9b699dd3dd5a) Importer(815301076,1909f56bfc062723c751e8b465ee728b)  -> (artifact id: '8a19f5a256a3c02257722e24a04873b2') in 0.030137 seconds 
  Import took 0.036323 seconds .

========================================================================
Received Import Request.
  Time since last request: 0.000418 seconds.
  path: Assets/Sprites/GameElements/TreasureChestSkull.png
  artifactKey: Guid(c754d068850a95944b9cf464e5e8d8f4) Importer(815301076,1909f56bfc062723c751e8b465ee728b)
Start importing Assets/Sprites/GameElements/TreasureChestSkull.png using Guid(c754d068850a95944b9cf464e5e8d8f4) Importer(815301076,1909f56bfc062723c751e8b465ee728b)  -> (artifact id: '9b20a52fe61a82de29646e578d43fad9') in 0.041761 seconds 
  Import took 0.052547 seconds .

========================================================================
Received Import Request.
  Time since last request: 0.000860 seconds.
  path: Assets/Sprites/GameElements/Star.png
  artifactKey: Guid(c90cad1c9aec2624f82869e907e8ffa6) Importer(815301076,1909f56bfc062723c751e8b465ee728b)
Start importing Assets/Sprites/GameElements/Star.png using Guid(c90cad1c9aec2624f82869e907e8ffa6) Importer(815301076,1909f56bfc062723c751e8b465ee728b)  -> (artifact id: 'cbdd9763507d826b92bd4c1ab05c043e') in 0.034522 seconds 
  Import took 0.049870 seconds .

========================================================================
Received Import Request.
  Time since last request: 0.002047 seconds.
  path: Assets/Sprites/GameElements/Lance.png
  artifactKey: Guid(9cf03e736bae1594a9b8479f049fcc0b) Importer(815301076,1909f56bfc062723c751e8b465ee728b)
Start importing Assets/Sprites/GameElements/Lance.png using Guid(9cf03e736bae1594a9b8479f049fcc0b) Importer(815301076,1909f56bfc062723c751e8b465ee728b)  -> (artifact id: 'd1c7fe2e198b7bbbc8af19a771cf6d01') in 0.024754 seconds 
  Import took 0.037309 seconds .

========================================================================
Received Import Request.
  Time since last request: 0.000474 seconds.
  path: Assets/Sprites/GameElements/KeyGold.png
  artifactKey: Guid(e15c53739a13446498e1b50b5327f098) Importer(815301076,1909f56bfc062723c751e8b465ee728b)
Start importing Assets/Sprites/GameElements/KeyGold.png using Guid(e15c53739a13446498e1b50b5327f098) Importer(815301076,1909f56bfc062723c751e8b465ee728b)  -> (artifact id: '5f5429e334984a9175f623b5c1aa2232') in 0.019567 seconds 
  Import took 0.037478 seconds .

========================================================================
Received Import Request.
  Time since last request: 0.002231 seconds.
  path: Assets/Sprites/GameElements/TreasureChestSmall.png
  artifactKey: Guid(aba376f1ea104294887a96059e2da2d6) Importer(815301076,1909f56bfc062723c751e8b465ee728b)
Start importing Assets/Sprites/GameElements/TreasureChestSmall.png using Guid(aba376f1ea104294887a96059e2da2d6) Importer(815301076,1909f56bfc062723c751e8b465ee728b)  -> (artifact id: 'a0d805e8ad0591d838aad4d33d68d876') in 0.031916 seconds 
  Import took 0.042680 seconds .

========================================================================
Received Import Request.
  Time since last request: 0.000453 seconds.
  path: Assets/Sprites/GameElements/PotionLiquid.png
  artifactKey: Guid(a0e76a08507ade04a9daa01223e5240d) Importer(815301076,1909f56bfc062723c751e8b465ee728b)
Start importing Assets/Sprites/GameElements/PotionLiquid.png using Guid(a0e76a08507ade04a9daa01223e5240d) Importer(815301076,1909f56bfc062723c751e8b465ee728b)  -> (artifact id: '96093a36062160270f9fa780e6515ac5') in 0.046897 seconds 
  Import took 0.055797 seconds .

========================================================================
Received Import Request.
  Time since last request: 0.000303 seconds.
  path: Assets/Sprites/GameElements/TreasureChestGold.png
  artifactKey: Guid(bdd441eb13523834990c0be85bb1018e) Importer(815301076,1909f56bfc062723c751e8b465ee728b)
Start importing Assets/Sprites/GameElements/TreasureChestGold.png using Guid(bdd441eb13523834990c0be85bb1018e) Importer(815301076,1909f56bfc062723c751e8b465ee728b)  -> (artifact id: 'be47295634d9b522dfd20f422e7c1c7c') in 0.036956 seconds 
  Import took 0.052235 seconds .

========================================================================
Received Import Request.
  Time since last request: 0.000974 seconds.
  path: Assets/Sprites/GameElements/Football.png
  artifactKey: Guid(110470e204f60a1478d140ea02f309e3) Importer(815301076,1909f56bfc062723c751e8b465ee728b)
Start importing Assets/Sprites/GameElements/Football.png using Guid(110470e204f60a1478d140ea02f309e3) Importer(815301076,1909f56bfc062723c751e8b465ee728b)  -> (artifact id: '43f87ef5ccc167f5437d6ce742bd48a9') in 0.039474 seconds 
  Import took 0.047492 seconds .

========================================================================
Received Import Request.
  Time since last request: 0.000429 seconds.
  path: Assets/Sprites/GameElements/TreasureChestKing.png
  artifactKey: Guid(e070b1828b6b3db49b8a6467ed0e6b34) Importer(815301076,1909f56bfc062723c751e8b465ee728b)
Start importing Assets/Sprites/GameElements/TreasureChestKing.png using Guid(e070b1828b6b3db49b8a6467ed0e6b34) Importer(815301076,1909f56bfc062723c751e8b465ee728b)  -> (artifact id: 'ebca8d77c1340da947a1361c6099bd8e') in 0.027729 seconds 
  Import took 0.040974 seconds .

========================================================================
Received Import Request.
  Time since last request: 0.000603 seconds.
  path: Assets/Sprites/GameElements/KeySkull.png
  artifactKey: Guid(66e61f53385012e4da76537c3eab6ded) Importer(815301076,1909f56bfc062723c751e8b465ee728b)
Start importing Assets/Sprites/GameElements/KeySkull.png using Guid(66e61f53385012e4da76537c3eab6ded) Importer(815301076,1909f56bfc062723c751e8b465ee728b)  -> (artifact id: '43f8f7c43945bd26a92cb0c2f3b78dc7') in 0.030817 seconds 
  Import took 0.044275 seconds .

========================================================================
Received Import Request.
  Time since last request: 0.001876 seconds.
  path: Assets/Sprites/GameElements/KeySmall.png
  artifactKey: Guid(989dfd6b97a71054a8afc17a55e82921) Importer(815301076,1909f56bfc062723c751e8b465ee728b)
Start importing Assets/Sprites/GameElements/KeySmall.png using Guid(989dfd6b97a71054a8afc17a55e82921) Importer(815301076,1909f56bfc062723c751e8b465ee728b)  -> (artifact id: '4963bf11b71b2af9d39dc701dfd2add0') in 0.027565 seconds 
  Import took 0.040309 seconds .

========================================================================
Received Import Request.
  Time since last request: 0.000519 seconds.
  path: Assets/Sprites/GameElements/crate.png
  artifactKey: Guid(cf24273292aa5724289fff17d4250802) Importer(815301076,1909f56bfc062723c751e8b465ee728b)
Start importing Assets/Sprites/GameElements/crate.png using Guid(cf24273292aa5724289fff17d4250802) Importer(815301076,1909f56bfc062723c751e8b465ee728b)  -> (artifact id: 'e07975af8e6ec123e1d0933b6baffeae') in 0.035673 seconds 
  Import took 0.048161 seconds .

========================================================================
Received Import Request.
  Time since last request: 0.000798 seconds.
  path: Assets/Sprites/GameElements/FlagBlue.png
  artifactKey: Guid(11b704a70d28df84bb4968c5738f3507) Importer(815301076,1909f56bfc062723c751e8b465ee728b)
Start importing Assets/Sprites/GameElements/FlagBlue.png using Guid(11b704a70d28df84bb4968c5738f3507) Importer(815301076,1909f56bfc062723c751e8b465ee728b)  -> (artifact id: 'f8300a52ee64b68e4b346c8fec79d882') in 0.023373 seconds 
  Import took 0.036548 seconds .

========================================================================
Received Import Request.
  Time since last request: 0.000673 seconds.
  path: Assets/Sprites/GameElements/Shield.png
  artifactKey: Guid(aed45744de732194fbd6a7410bbb5620) Importer(815301076,1909f56bfc062723c751e8b465ee728b)
Start importing Assets/Sprites/GameElements/Shield.png using Guid(aed45744de732194fbd6a7410bbb5620) Importer(815301076,1909f56bfc062723c751e8b465ee728b)  -> (artifact id: '409289e87ad71e6a78d3cebef1b4eb15') in 0.032499 seconds 
  Import took 0.052469 seconds .

========================================================================
Received Import Request.
  Time since last request: 0.001182 seconds.
  path: Assets/Sprites/GameElements/Sword.png
  artifactKey: Guid(2ee127fb51a2d4d4d927787c563c3e5c) Importer(815301076,1909f56bfc062723c751e8b465ee728b)
Start importing Assets/Sprites/GameElements/Sword.png using Guid(2ee127fb51a2d4d4d927787c563c3e5c) Importer(815301076,1909f56bfc062723c751e8b465ee728b)  -> (artifact id: '90e37fba29be56041b4772e0483a4e04') in 0.030993 seconds 
  Import took 0.040879 seconds .

========================================================================
Received Import Request.
  Time since last request: 0.000932 seconds.
  path: Assets/Sprites/GameElements/PotionGlass.png
  artifactKey: Guid(15c79ed8c049a2e4a8176c55bcae0c13) Importer(815301076,1909f56bfc062723c751e8b465ee728b)
Start importing Assets/Sprites/GameElements/PotionGlass.png using Guid(15c79ed8c049a2e4a8176c55bcae0c13) Importer(815301076,1909f56bfc062723c751e8b465ee728b)  -> (artifact id: '0818d8877e5da7d0b52d8289f32f4b38') in 0.018908 seconds 
  Import took 0.044195 seconds .

========================================================================
Received Import Request.
  Time since last request: 0.001155 seconds.
  path: Assets/Sprites/GameElements/MagicWand.png
  artifactKey: Guid(08552b3f133f25e48aca94e5ac12206b) Importer(815301076,1909f56bfc062723c751e8b465ee728b)
Start importing Assets/Sprites/GameElements/MagicWand.png using Guid(08552b3f133f25e48aca94e5ac12206b) Importer(815301076,1909f56bfc062723c751e8b465ee728b)  -> (artifact id: '9b9b849ca29748d81a6b37736ef789c6') in 0.037759 seconds 
  Import took 0.048351 seconds .

========================================================================
Received Import Request.
  Time since last request: 0.000357 seconds.
  path: Assets/Sprites/GameElements/Lantern.png
  artifactKey: Guid(8f16f2fa6e8c89e488f59615c182fc97) Importer(815301076,1909f56bfc062723c751e8b465ee728b)
Start importing Assets/Sprites/GameElements/Lantern.png using Guid(8f16f2fa6e8c89e488f59615c182fc97) Importer(815301076,1909f56bfc062723c751e8b465ee728b)  -> (artifact id: '7c94890b04579cb02e8fa8444bf603a7') in 0.031277 seconds 
  Import took 0.050706 seconds .

========================================================================
Received Import Request.
  Time since last request: 0.000447 seconds.
  path: Assets/Sprites/GameElements/FlagRed.png
  artifactKey: Guid(590ea6868994b474e9db48685f8b7dcc) Importer(815301076,1909f56bfc062723c751e8b465ee728b)
Start importing Assets/Sprites/GameElements/FlagRed.png using Guid(590ea6868994b474e9db48685f8b7dcc) Importer(815301076,1909f56bfc062723c751e8b465ee728b)  -> (artifact id: 'bda079a4fdf7fe8766737dc073ceb520') in 0.020136 seconds 
  Import took 0.030594 seconds .

========================================================================
Received Import Request.
  Time since last request: 93.261484 seconds.
  path: Assets/Sprites/Buildings/Wall6.png
  artifactKey: Guid(5d602a2cf5ee985449ff6e8ff65bcb35) Importer(815301076,1909f56bfc062723c751e8b465ee728b)
Start importing Assets/Sprites/Buildings/Wall6.png using Guid(5d602a2cf5ee985449ff6e8ff65bcb35) Importer(815301076,1909f56bfc062723c751e8b465ee728b)  -> (artifact id: 'c1b7ff3ded5f8c3488d1bb562a6437e3') in 0.036419 seconds 
  Import took 0.042527 seconds .

========================================================================
Received Import Request.
  Time since last request: 11.874774 seconds.
  path: Assets/Sprites/Nature/Bush1.png
  artifactKey: Guid(f8090491339d1e042b855a07076db54f) Importer(815301076,1909f56bfc062723c751e8b465ee728b)
Start importing Assets/Sprites/Nature/Bush1.png using Guid(f8090491339d1e042b855a07076db54f) Importer(815301076,1909f56bfc062723c751e8b465ee728b)  -> (artifact id: '7dd410a715ced4adb7749ba803bac8ea') in 0.028502 seconds 
  Import took 0.037302 seconds .

========================================================================
Received Import Request.
  Time since last request: 0.000379 seconds.
  path: Assets/Sprites/Nature/Tree2.png
  artifactKey: Guid(801ba98b880824648a810230f036bb00) Importer(815301076,1909f56bfc062723c751e8b465ee728b)
Start importing Assets/Sprites/Nature/Tree2.png using Guid(801ba98b880824648a810230f036bb00) Importer(815301076,1909f56bfc062723c751e8b465ee728b)  -> (artifact id: '9433632db43bfb27d4c851a0b6c37f94') in 0.032471 seconds 
  Import took 0.038548 seconds .

========================================================================
Received Import Request.
  Time since last request: 0.000322 seconds.
  path: Assets/Sprites/Nature/Tree3.png
  artifactKey: Guid(3d11adf85eb83ca4285f551ef013cd8a) Importer(815301076,1909f56bfc062723c751e8b465ee728b)
Start importing Assets/Sprites/Nature/Tree3.png using Guid(3d11adf85eb83ca4285f551ef013cd8a) Importer(815301076,1909f56bfc062723c751e8b465ee728b)  -> (artifact id: 'a73c56d216f2b34323971e3f84e1c1e3') in 0.039298 seconds 
  Import took 0.051402 seconds .

========================================================================
Received Import Request.
  Time since last request: 0.000538 seconds.
  path: Assets/Sprites/Nature/Flower1.png
  artifactKey: Guid(8d7d45d37f962d14080ef20ecc5eb114) Importer(815301076,1909f56bfc062723c751e8b465ee728b)
Start importing Assets/Sprites/Nature/Flower1.png using Guid(8d7d45d37f962d14080ef20ecc5eb114) Importer(815301076,1909f56bfc062723c751e8b465ee728b)  -> (artifact id: '411823ee3601b56476a17217ba5e3481') in 0.040016 seconds 
  Import took 0.049217 seconds .

========================================================================
Received Import Request.
  Time since last request: 0.000447 seconds.
  path: Assets/Sprites/Nature/Flower2.png
  artifactKey: Guid(79429069e7a00204787f0f7e4518f4cd) Importer(815301076,1909f56bfc062723c751e8b465ee728b)
Start importing Assets/Sprites/Nature/Flower2.png using Guid(79429069e7a00204787f0f7e4518f4cd) Importer(815301076,1909f56bfc062723c751e8b465ee728b)  -> (artifact id: '8b7c359b2f3378b56b4f531110441ced') in 0.034851 seconds 
  Import took 0.048244 seconds .

========================================================================
Received Import Request.
  Time since last request: 0.002188 seconds.
  path: Assets/Sprites/Nature/Tree1.png
  artifactKey: Guid(24d56f329fe1a3b4d98c298620007e17) Importer(815301076,1909f56bfc062723c751e8b465ee728b)
Start importing Assets/Sprites/Nature/Tree1.png using Guid(24d56f329fe1a3b4d98c298620007e17) Importer(815301076,1909f56bfc062723c751e8b465ee728b)  -> (artifact id: '769d773ffdb8a12f77d034be35d8b909') in 0.042237 seconds 
  Import took 0.050695 seconds .

========================================================================
Received Import Request.
  Time since last request: 9.897716 seconds.
  path: Assets/Sprites/Particles/P_Fire.png
  artifactKey: Guid(e13cda466c0ed4b48b53405fec4adbfc) Importer(815301076,1909f56bfc062723c751e8b465ee728b)
Start importing Assets/Sprites/Particles/P_Fire.png using Guid(e13cda466c0ed4b48b53405fec4adbfc) Importer(815301076,1909f56bfc062723c751e8b465ee728b)  -> (artifact id: 'e2af23ff57bc742a63931577aceff9fd') in 0.089912 seconds 
  Import took 0.095964 seconds .

========================================================================
Received Import Request.
  Time since last request: 0.000380 seconds.
  path: Assets/Sprites/Particles/P_Smoke.png
  artifactKey: Guid(ee7c8f984c5e742d3a2873212bd0cbd2) Importer(815301076,1909f56bfc062723c751e8b465ee728b)
Start importing Assets/Sprites/Particles/P_Smoke.png using Guid(ee7c8f984c5e742d3a2873212bd0cbd2) Importer(815301076,1909f56bfc062723c751e8b465ee728b)  -> (artifact id: '802413b888da898fe26958e2ea368a9a') in 0.087120 seconds 
  Import took 0.091475 seconds .

========================================================================
Received Import Request.
  Time since last request: 0.000243 seconds.
  path: Assets/Sprites/Particles/P_Spike.png
  artifactKey: Guid(273a9f3bb9f47461b9fac30fb1dc1580) Importer(815301076,1909f56bfc062723c751e8b465ee728b)
Start importing Assets/Sprites/Particles/P_Spike.png using Guid(273a9f3bb9f47461b9fac30fb1dc1580) Importer(815301076,1909f56bfc062723c751e8b465ee728b)  -> (artifact id: 'c9922149366f0a6173ca33b8468ba90e') in 0.016844 seconds 
  Import took 0.026311 seconds .

========================================================================
Received Import Request.
  Time since last request: 0.002581 seconds.
  path: Assets/Sprites/Particles/P_Sparks.png
  artifactKey: Guid(5ddca890cb78b4942baa392887cd4e35) Importer(815301076,1909f56bfc062723c751e8b465ee728b)
Start importing Assets/Sprites/Particles/P_Sparks.png using Guid(5ddca890cb78b4942baa392887cd4e35) Importer(815301076,1909f56bfc062723c751e8b465ee728b)  -> (artifact id: 'eaac3f145b98fe851ab4d03390bf56e3') in 0.046490 seconds 
  Import took 0.065575 seconds .

========================================================================
Received Import Request.
  Time since last request: 0.001254 seconds.
  path: Assets/Sprites/Particles/P_SmokePuff.png
  artifactKey: Guid(7e0baca0c48fd4d9c9e2cb1528760782) Importer(815301076,1909f56bfc062723c751e8b465ee728b)
Start importing Assets/Sprites/Particles/P_SmokePuff.png using Guid(7e0baca0c48fd4d9c9e2cb1528760782) Importer(815301076,1909f56bfc062723c751e8b465ee728b)  -> (artifact id: 'a50c2bbac6d85c9d23acb2954a17c0c8') in 0.034124 seconds 
  Import took 0.041907 seconds .

========================================================================
Received Import Request.
  Time since last request: 0.358842 seconds.
  path: Assets/Sprites/Spaceships/SpaceshipBlue.png
  artifactKey: Guid(c5159b0e60aa8e34cbf9cc979f937098) Importer(815301076,1909f56bfc062723c751e8b465ee728b)
Start importing Assets/Sprites/Spaceships/SpaceshipBlue.png using Guid(c5159b0e60aa8e34cbf9cc979f937098) Importer(815301076,1909f56bfc062723c751e8b465ee728b)  -> (artifact id: 'fc331bc167dafcf36072d4e3acd64fb2') in 0.012138 seconds 
  Import took 0.018597 seconds .

========================================================================
Received Import Request.
  Time since last request: 0.000344 seconds.
  path: Assets/Sprites/Spaceships/SpaceshipRed.png
  artifactKey: Guid(ab72467e062206645b32971dc962d595) Importer(815301076,1909f56bfc062723c751e8b465ee728b)
Start importing Assets/Sprites/Spaceships/SpaceshipRed.png using Guid(ab72467e062206645b32971dc962d595) Importer(815301076,1909f56bfc062723c751e8b465ee728b)  -> (artifact id: '503bf80e3a5ff7104b04a3f03378ec29') in 0.032464 seconds 
  Import took 0.048684 seconds .

========================================================================
Received Prepare
Registering precompiled user dll's ...
Registered in 0.007815 seconds.
Begin MonoManager ReloadAssembly
Native extension for WindowsStandalone target not found
Refreshing native plugins compatible for Editor in 0.59 ms, found 3 plugins.
Preloading 0 native plugins for Editor in 0.00 ms.
Mono: successfully reloaded assembly
- Completed reload, in  1.330 seconds
Domain Reload Profiling:
	ReloadAssembly (1335ms)
		BeginReloadAssembly (166ms)
			ExecutionOrderSort (0ms)
			DisableScriptedObjects (9ms)
			BackupInstance (0ms)
			ReleaseScriptingObjects (0ms)
			CreateAndSetChildDomain (61ms)
		EndReloadAssembly (1106ms)
			LoadAssemblies (105ms)
			RebuildTransferFunctionScriptingTraits (0ms)
			SetupTypeCache (436ms)
			ReleaseScriptCaches (1ms)
			RebuildScriptCaches (56ms)
			SetupLoadedEditorAssemblies (382ms)
				LogAssemblyErrors (0ms)
				InitializePlatformSupportModulesInManaged (4ms)
				SetLoadedEditorAssemblies (1ms)
				RefreshPlugins (1ms)
				BeforeProcessingInitializeOnLoad (106ms)
				ProcessInitializeOnLoadAttributes (256ms)
				ProcessInitializeOnLoadMethodAttributes (11ms)
				AfterProcessingInitializeOnLoad (4ms)
				EditorAssembliesLoaded (0ms)
			ExecutionOrderSort2 (0ms)
			AwakeInstancesAfterBackupRestoration (17ms)
Platform modules already initialized, skipping
Refreshing native plugins compatible for Editor in 0.57 ms, found 3 plugins.
Preloading 0 native plugins for Editor in 0.00 ms.
Unloading 2183 Unused Serialized files (Serialized files now loaded: 0)
System memory in use before: 98.5 MB.
System memory in use after: 98.7 MB.

Unloading 17 unused Assets to reduce memory usage. Loaded Objects now: 2727.
Total: 8.222200 ms (FindLiveObjects: 2.054900 ms CreateObjectMapping: 1.080900 ms MarkObjects: 5.055400 ms  DeleteObjects: 0.019100 ms)

AssetImportParameters requested are different than current active one (requested -> active):
  custom:framework-win-MediaFoundation: 216162199b28c13a410421893ffa2e32 -> 
  custom:video-decoder-ogg-theora: a1e56fd34408186e4bbccfd4996cb3dc -> 
  custom:container-muxer-webm: aa71ff27fc2769a1b78a27578f13a17b -> 
  custom:container-demuxer-webm: 4f35f7cbe854078d1ac9338744f61a02 -> 
  custom:container-demuxer-ogg: 62fdf1f143b41e24485cea50d1cbac27 -> 
  custom:video-encoder-webm-vp8: eb34c28f22e8b96e1ab97ce403110664 -> 
  custom:video-decoder-webm-vp8: 9c59270c3fd7afecdb556c50c9e8de78 -> 
  custom:audio-decoder-ogg-vorbis: bf7c407c2cedff20999df2af8eb42d56 -> 
  custom:audio-encoder-webm-vorbis: bf7c407c2cedff20999df2af8eb42d56 -> 
========================================================================
Received Import Request.
  Time since last request: 195.119761 seconds.
  path: Assets/Prefabs/Coin.prefab
  artifactKey: Guid(b376e1bc4ddff8c4fa28cc071611b99c) Importer(815301076,1909f56bfc062723c751e8b465ee728b)
Start importing Assets/Prefabs/Coin.prefab using Guid(b376e1bc4ddff8c4fa28cc071611b99c) Importer(815301076,1909f56bfc062723c751e8b465ee728b)  -> (artifact id: 'a36ecbbec3c094326c684f41eebd07e6') in 0.067918 seconds 
  Import took 0.071624 seconds .

========================================================================
Received Import Request.
  Time since last request: 750.011996 seconds.
  path: Assets/Sprites/Blocks/Bricks.png
  artifactKey: Guid(d2d6b36986fe912488bd10b5a43d8688) Importer(815301076,1909f56bfc062723c751e8b465ee728b)
Start importing Assets/Sprites/Blocks/Bricks.png using Guid(d2d6b36986fe912488bd10b5a43d8688) Importer(815301076,1909f56bfc062723c751e8b465ee728b)  -> (artifact id: '9d10ef687d25af4b6dc34d99871ebed5') in 0.053867 seconds 
  Import took 0.061005 seconds .

========================================================================
Received Import Request.
  Time since last request: 0.000330 seconds.
  path: Assets/Sprites/Blocks/crane.png
  artifactKey: Guid(5acd8ed30dcaa0841a47459b03197c38) Importer(815301076,1909f56bfc062723c751e8b465ee728b)
Start importing Assets/Sprites/Blocks/crane.png using Guid(5acd8ed30dcaa0841a47459b03197c38) Importer(815301076,1909f56bfc062723c751e8b465ee728b)  -> (artifact id: '851f91c92eac51e68eecb5b53c878e4b') in 0.027056 seconds 
  Import took 0.032928 seconds .

========================================================================
Received Import Request.
  Time since last request: 0.000436 seconds.
  path: Assets/Sprites/Blocks/wooden1.png
  artifactKey: Guid(01e72ece1c8233b408e090cfb2f76611) Importer(815301076,1909f56bfc062723c751e8b465ee728b)
Start importing Assets/Sprites/Blocks/wooden1.png using Guid(01e72ece1c8233b408e090cfb2f76611) Importer(815301076,1909f56bfc062723c751e8b465ee728b)  -> (artifact id: 'da862b29176c64677e912086ca65515e') in 0.031415 seconds 
  Import took 0.039862 seconds .

========================================================================
Received Import Request.
  Time since last request: 0.000576 seconds.
  path: Assets/Sprites/Blocks/Stone.png
  artifactKey: Guid(a5452ff130256f24b974258fb1408469) Importer(815301076,1909f56bfc062723c751e8b465ee728b)
Start importing Assets/Sprites/Blocks/Stone.png using Guid(a5452ff130256f24b974258fb1408469) Importer(815301076,1909f56bfc062723c751e8b465ee728b)  -> (artifact id: '4d5a0cbb73a018bc05cc956d651aa41a') in 0.042595 seconds 
  Import took 0.058000 seconds .

========================================================================
Received Import Request.
  Time since last request: 0.000334 seconds.
  path: Assets/Sprites/Blocks/metal.png
  artifactKey: Guid(1279aeb81883ac94eb98c6ebbed30ab6) Importer(815301076,1909f56bfc062723c751e8b465ee728b)
Start importing Assets/Sprites/Blocks/metal.png using Guid(1279aeb81883ac94eb98c6ebbed30ab6) Importer(815301076,1909f56bfc062723c751e8b465ee728b)  -> (artifact id: 'd9798d3085dbe8431dc9868cdbc7eab1') in 0.026526 seconds 
  Import took 0.035654 seconds .

========================================================================
Received Import Request.
  Time since last request: 0.000729 seconds.
  path: Assets/Sprites/Blocks/Stone3.png
  artifactKey: Guid(2bec1f5d5adc2b04c8d760cbd423adc5) Importer(815301076,1909f56bfc062723c751e8b465ee728b)
Start importing Assets/Sprites/Blocks/Stone3.png using Guid(2bec1f5d5adc2b04c8d760cbd423adc5) Importer(815301076,1909f56bfc062723c751e8b465ee728b)  -> (artifact id: '0450caa0c4a5e5f1c485a128c643da8e') in 0.032721 seconds 
  Import took 0.043325 seconds .

========================================================================
Received Import Request.
  Time since last request: 12.341309 seconds.
  path: Assets/Sprites/Asteroids/Asteroid1.png
  artifactKey: Guid(d9b6df65c88957a4698dca330fe8c267) Importer(815301076,1909f56bfc062723c751e8b465ee728b)
Start importing Assets/Sprites/Asteroids/Asteroid1.png using Guid(d9b6df65c88957a4698dca330fe8c267) Importer(815301076,1909f56bfc062723c751e8b465ee728b)  -> (artifact id: '012da266a1d28f20e3b010fa96799dd3') in 0.014838 seconds 
  Import took 0.019527 seconds .

========================================================================
Received Import Request.
  Time since last request: 0.000340 seconds.
  path: Assets/Sprites/Asteroids/Asteroid4.png
  artifactKey: Guid(65c65d7dd7711824ba0b5bcf104653ae) Importer(815301076,1909f56bfc062723c751e8b465ee728b)
Start importing Assets/Sprites/Asteroids/Asteroid4.png using Guid(65c65d7dd7711824ba0b5bcf104653ae) Importer(815301076,1909f56bfc062723c751e8b465ee728b)  -> (artifact id: 'eff39c96b7e6f38ce7d8b74571b6e1d7') in 0.020212 seconds 
  Import took 0.044536 seconds .

========================================================================
Received Import Request.
  Time since last request: 0.000451 seconds.
  path: Assets/Sprites/Asteroids/Asteroid5.png
  artifactKey: Guid(d6de9b37eeb23f14a839e46776369c8e) Importer(815301076,1909f56bfc062723c751e8b465ee728b)
Start importing Assets/Sprites/Asteroids/Asteroid5.png using Guid(d6de9b37eeb23f14a839e46776369c8e) Importer(815301076,1909f56bfc062723c751e8b465ee728b)  -> (artifact id: '78284932950e875056753102b300ccd9') in 0.018434 seconds 
  Import took 0.030385 seconds .

========================================================================
Received Import Request.
  Time since last request: 0.000559 seconds.
  path: Assets/Sprites/Asteroids/Asteroid3.png
  artifactKey: Guid(c7e7ab03a14ec3e41af63158afe42530) Importer(815301076,1909f56bfc062723c751e8b465ee728b)
Start importing Assets/Sprites/Asteroids/Asteroid3.png using Guid(c7e7ab03a14ec3e41af63158afe42530) Importer(815301076,1909f56bfc062723c751e8b465ee728b)  -> (artifact id: 'c500bd5b0689615291f0cd0eaabe839e') in 0.038579 seconds 
  Import took 0.053423 seconds .

========================================================================
Received Import Request.
  Time since last request: 0.001054 seconds.
  path: Assets/Sprites/Asteroids/Asteroid2.png
  artifactKey: Guid(e2dfa27e0377cba40ad854d503e978f3) Importer(815301076,1909f56bfc062723c751e8b465ee728b)
Start importing Assets/Sprites/Asteroids/Asteroid2.png using Guid(e2dfa27e0377cba40ad854d503e978f3) Importer(815301076,1909f56bfc062723c751e8b465ee728b)  -> (artifact id: '2e4e4b1a69e42fc8b8d0736507d35578') in 0.028915 seconds 
  Import took 0.038623 seconds .

========================================================================
Received Import Request.
  Time since last request: 0.000570 seconds.
  path: Assets/Sprites/Asteroids/Moon Monocrome.png
  artifactKey: Guid(1a2a613e772731b4294f30b3a8b65c39) Importer(815301076,1909f56bfc062723c751e8b465ee728b)
Start importing Assets/Sprites/Asteroids/Moon Monocrome.png using Guid(1a2a613e772731b4294f30b3a8b65c39) Importer(815301076,1909f56bfc062723c751e8b465ee728b)  -> (artifact id: 'ce22531693453cddb3b8c9da2f0dfb29') in 0.029746 seconds 
  Import took 0.049053 seconds .

========================================================================
Received Import Request.
  Time since last request: 216.617559 seconds.
  path: Assets/Sprites/Buildings/ground_lava.jpg
  artifactKey: Guid(8417943fe8069a74cb3cab3a42a25c45) Importer(815301076,1909f56bfc062723c751e8b465ee728b)
Start importing Assets/Sprites/Buildings/ground_lava.jpg using Guid(8417943fe8069a74cb3cab3a42a25c45) Importer(815301076,1909f56bfc062723c751e8b465ee728b)  -> (artifact id: '4e640fae814ebb81351152e45397664d') in 0.031486 seconds 
  Import took 0.038121 seconds .

========================================================================
Received Import Request.
  Time since last request: 354.440184 seconds.
  path: Assets/Prefabs/ground_lava.prefab
  artifactKey: Guid(0d9f442f8b986c14da5b44eaffe3cecd) Importer(815301076,1909f56bfc062723c751e8b465ee728b)
Start importing Assets/Prefabs/ground_lava.prefab using Guid(0d9f442f8b986c14da5b44eaffe3cecd) Importer(815301076,1909f56bfc062723c751e8b465ee728b)  -> (artifact id: 'bd60d6e729bc79d746960ae58a9fb303') in 0.023232 seconds 
  Import took 0.030235 seconds .

========================================================================
Received Import Request.
  Time since last request: 2569.395609 seconds.
  path: Assets/Sprites/Buildings/axit-box.jpg
  artifactKey: Guid(d186c71c3fd4eda41a18c9c44c02935e) Importer(815301076,1909f56bfc062723c751e8b465ee728b)
Start importing Assets/Sprites/Buildings/axit-box.jpg using Guid(d186c71c3fd4eda41a18c9c44c02935e) Importer(815301076,1909f56bfc062723c751e8b465ee728b)  -> (artifact id: '6e7064ca21da7d2a3f60519ea2b96a1b') in 0.047311 seconds 
  Import took 0.073887 seconds .

========================================================================
Received Import Request.
  Time since last request: 91.923487 seconds.
  path: Assets/Prefabs/Stone2.prefab
  artifactKey: Guid(088d53100a2fba34cbec57c31f841016) Importer(815301076,1909f56bfc062723c751e8b465ee728b)
Start importing Assets/Prefabs/Stone2.prefab using Guid(088d53100a2fba34cbec57c31f841016) Importer(815301076,1909f56bfc062723c751e8b465ee728b)  -> (artifact id: '7085608d1d5e0c38ff1f7125e0795890') in 0.043951 seconds 
  Import took 0.061055 seconds .

========================================================================
Received Import Request.
  Time since last request: 191.596246 seconds.
  path: Assets/Sounds/Death.wav
  artifactKey: Guid(d062229e51d131042b6fc470cfc32fad) Importer(815301076,1909f56bfc062723c751e8b465ee728b)
Start importing Assets/Sounds/Death.wav using Guid(d062229e51d131042b6fc470cfc32fad) Importer(815301076,1909f56bfc062723c751e8b465ee728b)  -> (artifact id: '30d97914f9e6b8e52396d9a36e390abe') in 0.192729 seconds 
  Import took 0.198802 seconds .

========================================================================
Received Import Request.
  Time since last request: 0.000287 seconds.
  path: Assets/Sounds/Walk01.wav
  artifactKey: Guid(60000311b9551f64ca9f3767e9b9d3bf) Importer(815301076,1909f56bfc062723c751e8b465ee728b)
Start importing Assets/Sounds/Walk01.wav using Guid(60000311b9551f64ca9f3767e9b9d3bf) Importer(815301076,1909f56bfc062723c751e8b465ee728b)  -> (artifact id: 'da61ac12c22d5ba2cffe26da4d0b026d') in 0.052223 seconds 
  Import took 0.055976 seconds .

========================================================================
Received Import Request.
  Time since last request: 0.000285 seconds.
  path: Assets/Sounds/Walk02.wav
  artifactKey: Guid(6e53b987161e3ab4c8f97f31ecf5c967) Importer(815301076,1909f56bfc062723c751e8b465ee728b)
Start importing Assets/Sounds/Walk02.wav using Guid(6e53b987161e3ab4c8f97f31ecf5c967) Importer(815301076,1909f56bfc062723c751e8b465ee728b)  -> (artifact id: '6f0d77fce08e379592cfa3e57fcf66ee') in 0.037528 seconds 
  Import took 0.045207 seconds .

========================================================================
Received Import Request.
  Time since last request: 0.000764 seconds.
  path: Assets/Sounds/LandOnEnemy.wav
  artifactKey: Guid(f1f0057d081470142b01aba17a00478d) Importer(815301076,1909f56bfc062723c751e8b465ee728b)
Start importing Assets/Sounds/LandOnEnemy.wav using Guid(f1f0057d081470142b01aba17a00478d) Importer(815301076,1909f56bfc062723c751e8b465ee728b)  -> (artifact id: '10610b0a1b6bb0c38848f70a957f6b18') in 0.033275 seconds 
  Import took 0.049390 seconds .

========================================================================
Received Import Request.
  Time since last request: 0.000399 seconds.
  path: Assets/Sounds/LandOnGround.wav
  artifactKey: Guid(7f3e7db8c50fe94438dd582d5a547cdf) Importer(815301076,1909f56bfc062723c751e8b465ee728b)
Start importing Assets/Sounds/LandOnGround.wav using Guid(7f3e7db8c50fe94438dd582d5a547cdf) Importer(815301076,1909f56bfc062723c751e8b465ee728b)  -> (artifact id: '2122d4d23628eb743a27520f75be129a') in 0.019089 seconds 
  Import took 0.030087 seconds .

========================================================================
Received Import Request.
  Time since last request: 0.000745 seconds.
  path: Assets/Sounds/jump.wav
  artifactKey: Guid(c579c336233e7cd46b6dbaee3107f3a3) Importer(815301076,1909f56bfc062723c751e8b465ee728b)
Start importing Assets/Sounds/jump.wav using Guid(c579c336233e7cd46b6dbaee3107f3a3) Importer(815301076,1909f56bfc062723c751e8b465ee728b)  -> (artifact id: '4f73082980fc77e49701beb13e4d208f') in 0.033799 seconds 
  Import took 0.051716 seconds .

========================================================================
Received Import Request.
  Time since last request: 0.000458 seconds.
  path: Assets/Sounds/Music.wav
  artifactKey: Guid(822cf2e3a5427324a8fd85245244b9f0) Importer(815301076,1909f56bfc062723c751e8b465ee728b)
Start importing Assets/Sounds/Music.wav using Guid(822cf2e3a5427324a8fd85245244b9f0) Importer(815301076,1909f56bfc062723c751e8b465ee728b)  -> (artifact id: 'de01d7cb20eb98135f98c6d1474e4143') in 0.032666 seconds 
  Import took 0.049837 seconds .

========================================================================
Received Import Request.
  Time since last request: 0.001189 seconds.
  path: Assets/Sounds/Hurt.wav
  artifactKey: Guid(7c1352de760240146a07adc14c96b08d) Importer(815301076,1909f56bfc062723c751e8b465ee728b)
Start importing Assets/Sounds/Hurt.wav using Guid(7c1352de760240146a07adc14c96b08d) Importer(815301076,1909f56bfc062723c751e8b465ee728b)  -> (artifact id: 'b877ef75becbe921619e07ed05487b90') in 0.029474 seconds 
  Import took 0.039376 seconds .

========================================================================
Received Import Request.
  Time since last request: 14.344197 seconds.
  path: Assets/Prefabs/Skeleton.prefab
  artifactKey: Guid(da230b8df6c3b1f4f853955c33ffe6aa) Importer(815301076,1909f56bfc062723c751e8b465ee728b)
Start importing Assets/Prefabs/Skeleton.prefab using Guid(da230b8df6c3b1f4f853955c33ffe6aa) Importer(815301076,1909f56bfc062723c751e8b465ee728b)  -> (artifact id: '67e995b759d100b36f7ddcfe4dd49daf') in 0.024314 seconds 
  Import took 0.032115 seconds .

========================================================================
Received Import Request.
  Time since last request: 109.108731 seconds.
  path: Assets/Prefabs/Zombie.prefab
  artifactKey: Guid(dad31353bda98c5428f0b3c61bd40282) Importer(815301076,1909f56bfc062723c751e8b465ee728b)
Start importing Assets/Prefabs/Zombie.prefab using Guid(dad31353bda98c5428f0b3c61bd40282) Importer(815301076,1909f56bfc062723c751e8b465ee728b)  -> (artifact id: '8e80708a480b4da281008e2eb802b0a9') in 0.022471 seconds 
  Import took 0.031267 seconds .

========================================================================
Received Import Request.
  Time since last request: 102.488157 seconds.
  path: Assets/Prefabs/Alien1.prefab
  artifactKey: Guid(a351a14d5304ddc4491385cff9764220) Importer(815301076,1909f56bfc062723c751e8b465ee728b)
Start importing Assets/Prefabs/Alien1.prefab using Guid(a351a14d5304ddc4491385cff9764220) Importer(815301076,1909f56bfc062723c751e8b465ee728b)  -> (artifact id: '0fa11bb428827d3ae18655db9b191c66') in 0.013234 seconds 
  Import took 0.020307 seconds .

========================================================================
Received Prepare
Registering precompiled user dll's ...
Registered in 0.021726 seconds.
Begin MonoManager ReloadAssembly
Native extension for WindowsStandalone target not found
Refreshing native plugins compatible for Editor in 0.73 ms, found 3 plugins.
Preloading 0 native plugins for Editor in 0.00 ms.
Mono: successfully reloaded assembly
- Completed reload, in  2.852 seconds
Domain Reload Profiling:
	ReloadAssembly (2870ms)
		BeginReloadAssembly (549ms)
			ExecutionOrderSort (0ms)
			DisableScriptedObjects (76ms)
			BackupInstance (0ms)
			ReleaseScriptingObjects (0ms)
			CreateAndSetChildDomain (238ms)
		EndReloadAssembly (2155ms)
			LoadAssemblies (296ms)
			RebuildTransferFunctionScriptingTraits (0ms)
			SetupTypeCache (899ms)
			ReleaseScriptCaches (1ms)
			RebuildScriptCaches (118ms)
			SetupLoadedEditorAssemblies (638ms)
				LogAssemblyErrors (0ms)
				InitializePlatformSupportModulesInManaged (11ms)
				SetLoadedEditorAssemblies (2ms)
				RefreshPlugins (1ms)
				BeforeProcessingInitializeOnLoad (163ms)
				ProcessInitializeOnLoadAttributes (431ms)
				ProcessInitializeOnLoadMethodAttributes (23ms)
				AfterProcessingInitializeOnLoad (6ms)
				EditorAssembliesLoaded (1ms)
			ExecutionOrderSort2 (0ms)
			AwakeInstancesAfterBackupRestoration (13ms)
Platform modules already initialized, skipping
Refreshing native plugins compatible for Editor in 2.27 ms, found 3 plugins.
Preloading 0 native plugins for Editor in 0.00 ms.
Unloading 2183 Unused Serialized files (Serialized files now loaded: 0)
System memory in use before: 98.7 MB.
System memory in use after: 98.9 MB.

Unloading 17 unused Assets to reduce memory usage. Loaded Objects now: 2744.
Total: 4.400700 ms (FindLiveObjects: 0.259000 ms CreateObjectMapping: 0.140300 ms MarkObjects: 3.940100 ms  DeleteObjects: 0.059600 ms)

AssetImportParameters requested are different than current active one (requested -> active):
  custom:framework-win-MediaFoundation: 216162199b28c13a410421893ffa2e32 -> 
  custom:video-decoder-ogg-theora: a1e56fd34408186e4bbccfd4996cb3dc -> 
  custom:container-muxer-webm: aa71ff27fc2769a1b78a27578f13a17b -> 
  custom:container-demuxer-webm: 4f35f7cbe854078d1ac9338744f61a02 -> 
  custom:container-demuxer-ogg: 62fdf1f143b41e24485cea50d1cbac27 -> 
  custom:video-encoder-webm-vp8: eb34c28f22e8b96e1ab97ce403110664 -> 
  custom:video-decoder-webm-vp8: 9c59270c3fd7afecdb556c50c9e8de78 -> 
  custom:audio-decoder-ogg-vorbis: bf7c407c2cedff20999df2af8eb42d56 -> 
  custom:audio-encoder-webm-vorbis: bf7c407c2cedff20999df2af8eb42d56 -> 
========================================================================
Received Import Request.
  Time since last request: 487.302236 seconds.
  path: Assets/Fonts/Flappy Bird Font.TTF
  artifactKey: Guid(a259773f1294dfa448002fc928f322ce) Importer(815301076,1909f56bfc062723c751e8b465ee728b)
Start importing Assets/Fonts/Flappy Bird Font.TTF using Guid(a259773f1294dfa448002fc928f322ce) Importer(815301076,1909f56bfc062723c751e8b465ee728b)  -> (artifact id: '236f4df7bad88ca32cedae6b6529e540') in 0.142120 seconds 
  Import took 0.149697 seconds .

========================================================================
Received Prepare
Registering precompiled user dll's ...
Registered in 0.011052 seconds.
Begin MonoManager ReloadAssembly
Native extension for WindowsStandalone target not found
Refreshing native plugins compatible for Editor in 0.62 ms, found 3 plugins.
Preloading 0 native plugins for Editor in 0.00 ms.
Mono: successfully reloaded assembly
- Completed reload, in  1.594 seconds
Domain Reload Profiling:
	ReloadAssembly (1595ms)
		BeginReloadAssembly (184ms)
			ExecutionOrderSort (0ms)
			DisableScriptedObjects (16ms)
			BackupInstance (0ms)
			ReleaseScriptingObjects (0ms)
			CreateAndSetChildDomain (61ms)
		EndReloadAssembly (1328ms)
			LoadAssemblies (147ms)
			RebuildTransferFunctionScriptingTraits (0ms)
			SetupTypeCache (484ms)
			ReleaseScriptCaches (1ms)
			RebuildScriptCaches (75ms)
			SetupLoadedEditorAssemblies (474ms)
				LogAssemblyErrors (0ms)
				InitializePlatformSupportModulesInManaged (6ms)
				SetLoadedEditorAssemblies (1ms)
				RefreshPlugins (1ms)
				BeforeProcessingInitializeOnLoad (131ms)
				ProcessInitializeOnLoadAttributes (307ms)
				ProcessInitializeOnLoadMethodAttributes (22ms)
				AfterProcessingInitializeOnLoad (6ms)
				EditorAssembliesLoaded (0ms)
			ExecutionOrderSort2 (0ms)
			AwakeInstancesAfterBackupRestoration (11ms)
Platform modules already initialized, skipping
Refreshing native plugins compatible for Editor in 0.64 ms, found 3 plugins.
Preloading 0 native plugins for Editor in 0.00 ms.
Unloading 2183 Unused Serialized files (Serialized files now loaded: 0)
System memory in use before: 99.1 MB.
System memory in use after: 99.3 MB.

Unloading 17 unused Assets to reduce memory usage. Loaded Objects now: 2784.
Total: 5.411800 ms (FindLiveObjects: 0.996400 ms CreateObjectMapping: 0.264800 ms MarkObjects: 4.121400 ms  DeleteObjects: 0.025800 ms)

AssetImportParameters requested are different than current active one (requested -> active):
  custom:framework-win-MediaFoundation: 216162199b28c13a410421893ffa2e32 -> 
  custom:video-decoder-ogg-theora: a1e56fd34408186e4bbccfd4996cb3dc -> 
  custom:container-muxer-webm: aa71ff27fc2769a1b78a27578f13a17b -> 
  custom:container-demuxer-webm: 4f35f7cbe854078d1ac9338744f61a02 -> 
  custom:container-demuxer-ogg: 62fdf1f143b41e24485cea50d1cbac27 -> 
  custom:video-encoder-webm-vp8: eb34c28f22e8b96e1ab97ce403110664 -> 
  custom:video-decoder-webm-vp8: 9c59270c3fd7afecdb556c50c9e8de78 -> 
  custom:audio-decoder-ogg-vorbis: bf7c407c2cedff20999df2af8eb42d56 -> 
  custom:audio-encoder-webm-vorbis: bf7c407c2cedff20999df2af8eb42d56 -> 
========================================================================
Received Import Request.
  Time since last request: 185.614091 seconds.
  path: Assets/Sprites/Home
  artifactKey: Guid(8a2e6b2f7760ab244855e74396fb8550) Importer(815301076,1909f56bfc062723c751e8b465ee728b)
Start importing Assets/Sprites/Home using Guid(8a2e6b2f7760ab244855e74396fb8550) Importer(815301076,1909f56bfc062723c751e8b465ee728b)  -> (artifact id: 'e495dd5db67d1e0ae9acba7d122c0d43') in 0.008031 seconds 
  Import took 0.028111 seconds .

========================================================================
Received Import Request.
  Time since last request: 7.552663 seconds.
  path: Assets/Sprites/Home/home.png
  artifactKey: Guid(31d1c3b0ccb8e8747aa5558c25d2af0d) Importer(815301076,1909f56bfc062723c751e8b465ee728b)
Start importing Assets/Sprites/Home/home.png using Guid(31d1c3b0ccb8e8747aa5558c25d2af0d) Importer(815301076,1909f56bfc062723c751e8b465ee728b)  -> (artifact id: 'e595f0882dded4d4698c9f5a274a391a') in 0.095851 seconds 
  Import took 0.118085 seconds .

========================================================================
Received Import Request.
  Time since last request: 178.747191 seconds.
  path: Assets/Sprites/Home/pngegg.png
  artifactKey: Guid(7de4280f07da54048b8e9d04e92e406e) Importer(815301076,1909f56bfc062723c751e8b465ee728b)
Start importing Assets/Sprites/Home/pngegg.png using Guid(7de4280f07da54048b8e9d04e92e406e) Importer(815301076,1909f56bfc062723c751e8b465ee728b)  -> (artifact id: '17a82e3d40322716f74ef31121e1fe82') in 0.037258 seconds 
  Import took 0.048516 seconds .

========================================================================
Received Prepare
Registering precompiled user dll's ...
Registered in 0.004228 seconds.
Begin MonoManager ReloadAssembly
Native extension for WindowsStandalone target not found
Refreshing native plugins compatible for Editor in 0.99 ms, found 3 plugins.
Preloading 0 native plugins for Editor in 0.00 ms.
Mono: successfully reloaded assembly
- Completed reload, in  2.112 seconds
Domain Reload Profiling:
	ReloadAssembly (2114ms)
		BeginReloadAssembly (206ms)
			ExecutionOrderSort (0ms)
			DisableScriptedObjects (9ms)
			BackupInstance (0ms)
			ReleaseScriptingObjects (0ms)
			CreateAndSetChildDomain (66ms)
		EndReloadAssembly (1800ms)
			LoadAssemblies (180ms)
			RebuildTransferFunctionScriptingTraits (0ms)
			SetupTypeCache (762ms)
			ReleaseScriptCaches (1ms)
			RebuildScriptCaches (87ms)
			SetupLoadedEditorAssemblies (554ms)
				LogAssemblyErrors (0ms)
				InitializePlatformSupportModulesInManaged (12ms)
				SetLoadedEditorAssemblies (1ms)
				RefreshPlugins (1ms)
				BeforeProcessingInitializeOnLoad (152ms)
				ProcessInitializeOnLoadAttributes (359ms)
				ProcessInitializeOnLoadMethodAttributes (23ms)
				AfterProcessingInitializeOnLoad (6ms)
				EditorAssembliesLoaded (0ms)
			ExecutionOrderSort2 (0ms)
			AwakeInstancesAfterBackupRestoration (12ms)
Platform modules already initialized, skipping
Refreshing native plugins compatible for Editor in 1.08 ms, found 3 plugins.
Preloading 0 native plugins for Editor in 0.00 ms.
Unloading 2183 Unused Serialized files (Serialized files now loaded: 0)
System memory in use before: 99.1 MB.
System memory in use after: 99.3 MB.

Unloading 17 unused Assets to reduce memory usage. Loaded Objects now: 2789.
Total: 4.498600 ms (FindLiveObjects: 0.278100 ms CreateObjectMapping: 0.137400 ms MarkObjects: 4.040500 ms  DeleteObjects: 0.039700 ms)

AssetImportParameters requested are different than current active one (requested -> active):
  custom:framework-win-MediaFoundation: 216162199b28c13a410421893ffa2e32 -> 
  custom:video-decoder-ogg-theora: a1e56fd34408186e4bbccfd4996cb3dc -> 
  custom:container-muxer-webm: aa71ff27fc2769a1b78a27578f13a17b -> 
  custom:container-demuxer-webm: 4f35f7cbe854078d1ac9338744f61a02 -> 
  custom:container-demuxer-ogg: 62fdf1f143b41e24485cea50d1cbac27 -> 
  custom:video-encoder-webm-vp8: eb34c28f22e8b96e1ab97ce403110664 -> 
  custom:video-decoder-webm-vp8: 9c59270c3fd7afecdb556c50c9e8de78 -> 
  custom:audio-decoder-ogg-vorbis: bf7c407c2cedff20999df2af8eb42d56 -> 
  custom:audio-encoder-webm-vorbis: bf7c407c2cedff20999df2af8eb42d56 -> 
========================================================================
Received Prepare
Registering precompiled user dll's ...
Registered in 0.004215 seconds.
Begin MonoManager ReloadAssembly
Native extension for WindowsStandalone target not found
Refreshing native plugins compatible for Editor in 1.05 ms, found 3 plugins.
Preloading 0 native plugins for Editor in 0.00 ms.
Mono: successfully reloaded assembly
- Completed reload, in  1.977 seconds
Domain Reload Profiling:
	ReloadAssembly (1978ms)
		BeginReloadAssembly (234ms)
			ExecutionOrderSort (0ms)
			DisableScriptedObjects (8ms)
			BackupInstance (0ms)
			ReleaseScriptingObjects (0ms)
			CreateAndSetChildDomain (69ms)
		EndReloadAssembly (1635ms)
			LoadAssemblies (190ms)
			RebuildTransferFunctionScriptingTraits (0ms)
			SetupTypeCache (622ms)
			ReleaseScriptCaches (1ms)
			RebuildScriptCaches (74ms)
			SetupLoadedEditorAssemblies (597ms)
				LogAssemblyErrors (0ms)
				InitializePlatformSupportModulesInManaged (6ms)
				SetLoadedEditorAssemblies (1ms)
				RefreshPlugins (1ms)
				BeforeProcessingInitializeOnLoad (178ms)
				ProcessInitializeOnLoadAttributes (380ms)
				ProcessInitializeOnLoadMethodAttributes (15ms)
				AfterProcessingInitializeOnLoad (13ms)
				EditorAssembliesLoaded (0ms)
			ExecutionOrderSort2 (0ms)
			AwakeInstancesAfterBackupRestoration (12ms)
Platform modules already initialized, skipping
Refreshing native plugins compatible for Editor in 0.77 ms, found 3 plugins.
Preloading 0 native plugins for Editor in 0.00 ms.
Unloading 2183 Unused Serialized files (Serialized files now loaded: 0)
System memory in use before: 99.1 MB.
System memory in use after: 99.4 MB.

Unloading 17 unused Assets to reduce memory usage. Loaded Objects now: 2791.
Total: 6.715300 ms (FindLiveObjects: 0.309900 ms CreateObjectMapping: 0.169500 ms MarkObjects: 6.208000 ms  DeleteObjects: 0.026200 ms)

AssetImportParameters requested are different than current active one (requested -> active):
  custom:framework-win-MediaFoundation: 216162199b28c13a410421893ffa2e32 -> 
  custom:video-decoder-ogg-theora: a1e56fd34408186e4bbccfd4996cb3dc -> 
  custom:container-muxer-webm: aa71ff27fc2769a1b78a27578f13a17b -> 
  custom:container-demuxer-webm: 4f35f7cbe854078d1ac9338744f61a02 -> 
  custom:container-demuxer-ogg: 62fdf1f143b41e24485cea50d1cbac27 -> 
  custom:video-encoder-webm-vp8: eb34c28f22e8b96e1ab97ce403110664 -> 
  custom:video-decoder-webm-vp8: 9c59270c3fd7afecdb556c50c9e8de78 -> 
  custom:audio-decoder-ogg-vorbis: bf7c407c2cedff20999df2af8eb42d56 -> 
  custom:audio-encoder-webm-vorbis: bf7c407c2cedff20999df2af8eb42d56 -> 
========================================================================
Received Prepare
Registering precompiled user dll's ...
Registered in 0.004462 seconds.
Begin MonoManager ReloadAssembly
Native extension for WindowsStandalone target not found
Refreshing native plugins compatible for Editor in 0.59 ms, found 3 plugins.
Preloading 0 native plugins for Editor in 0.00 ms.
Mono: successfully reloaded assembly
- Completed reload, in  1.445 seconds
Domain Reload Profiling:
	ReloadAssembly (1446ms)
		BeginReloadAssembly (157ms)
			ExecutionOrderSort (0ms)
			DisableScriptedObjects (13ms)
			BackupInstance (0ms)
			ReleaseScriptingObjects (0ms)
			CreateAndSetChildDomain (41ms)
		EndReloadAssembly (1206ms)
			LoadAssemblies (136ms)
			RebuildTransferFunctionScriptingTraits (0ms)
			SetupTypeCache (433ms)
			ReleaseScriptCaches (1ms)
			RebuildScriptCaches (62ms)
			SetupLoadedEditorAssemblies (432ms)
				LogAssemblyErrors (0ms)
				InitializePlatformSupportModulesInManaged (6ms)
				SetLoadedEditorAssemblies (1ms)
				RefreshPlugins (1ms)
				BeforeProcessingInitializeOnLoad (115ms)
				ProcessInitializeOnLoadAttributes (286ms)
				ProcessInitializeOnLoadMethodAttributes (12ms)
				AfterProcessingInitializeOnLoad (11ms)
				EditorAssembliesLoaded (0ms)
			ExecutionOrderSort2 (0ms)
			AwakeInstancesAfterBackupRestoration (12ms)
Platform modules already initialized, skipping
Refreshing native plugins compatible for Editor in 7.14 ms, found 3 plugins.
Preloading 0 native plugins for Editor in 0.00 ms.
Unloading 2183 Unused Serialized files (Serialized files now loaded: 0)
System memory in use before: 99.1 MB.
System memory in use after: 99.4 MB.

Unloading 17 unused Assets to reduce memory usage. Loaded Objects now: 2793.
Total: 3.559100 ms (FindLiveObjects: 0.240600 ms CreateObjectMapping: 0.109500 ms MarkObjects: 3.189800 ms  DeleteObjects: 0.018100 ms)

AssetImportParameters requested are different than current active one (requested -> active):
  custom:framework-win-MediaFoundation: 216162199b28c13a410421893ffa2e32 -> 
  custom:video-decoder-ogg-theora: a1e56fd34408186e4bbccfd4996cb3dc -> 
  custom:container-muxer-webm: aa71ff27fc2769a1b78a27578f13a17b -> 
  custom:container-demuxer-webm: 4f35f7cbe854078d1ac9338744f61a02 -> 
  custom:container-demuxer-ogg: 62fdf1f143b41e24485cea50d1cbac27 -> 
  custom:video-encoder-webm-vp8: eb34c28f22e8b96e1ab97ce403110664 -> 
  custom:video-decoder-webm-vp8: 9c59270c3fd7afecdb556c50c9e8de78 -> 
  custom:audio-decoder-ogg-vorbis: bf7c407c2cedff20999df2af8eb42d56 -> 
  custom:audio-encoder-webm-vorbis: bf7c407c2cedff20999df2af8eb42d56 -> 
AssetImportWorkerClient::OnTransportError - code=2 error=End of file
