Using pre-set license
Built from '2020.3/staging' branch; Version is '2020.3.25f1 (9b9180224418) revision 10195328'; Using compiler version '192528614'; Build Type 'Release'
OS: 'Windows 11  (10.0.22000) 64bit Professional' Language: 'en' Physical Memory: 8016 MB
BatchMode: 1, IsHumanControllingUs: 0, StartBugReporterOnCrash: 0, Is64bit: 1, IsPro: 0

COMMAND LINE ARGUMENTS:
C:\Program Files\Unity\Hub\Editor\2020.3.25f1\Editor\Unity.exe
-adb2
-batchMode
-noUpm
-name
AssetImportWorker0
-projectPath
C:/Users/Administrator/Documents/Game/Survive Among The Galaxy
-logFile
Logs/AssetImportWorker0.log
-srvPort
62443
Successfully changed project path to: C:/Users/Administrator/Documents/Game/Survive Among The Galaxy
C:/Users/Administrator/Documents/Game/Survive Among The Galaxy
Using Asset Import Pipeline V2.
Refreshing native plugins compatible for Editor in 55.08 ms, found 3 plugins.
Preloading 0 native plugins for Editor in 0.00 ms.
Initialize engine version: 2020.3.25f1 (9b9180224418)
[Subsystems] Discovering subsystems at path C:/Program Files/Unity/Hub/Editor/2020.3.25f1/Editor/Data/Resources/UnitySubsystems
[Subsystems] Discovering subsystems at path C:/Users/Administrator/Documents/Game/Survive Among The Galaxy/Assets
GfxDevice: creating device client; threaded=0
Direct3D:
    Version:  Direct3D 11.0 [level 11.1]
    Renderer: Intel(R) UHD Graphics (ID=0x9b41)
    Vendor:   
    VRAM:     4008 MB
    Driver:   26.20.100.7642
Initialize mono
Mono path[0] = 'C:/Program Files/Unity/Hub/Editor/2020.3.25f1/Editor/Data/Managed'
Mono path[1] = 'C:/Program Files/Unity/Hub/Editor/2020.3.25f1/Editor/Data/MonoBleedingEdge/lib/mono/unityjit'
Mono config path = 'C:/Program Files/Unity/Hub/Editor/2020.3.25f1/Editor/Data/MonoBleedingEdge/etc'
Using monoOptions --debugger-agent=transport=dt_socket,embedding=1,server=y,suspend=n,address=127.0.0.1:56092
Begin MonoManager ReloadAssembly
Registering precompiled unity dll's ...
Register platform support module: C:/Program Files/Unity/Hub/Editor/2020.3.25f1/Editor/Data/PlaybackEngines/WindowsStandaloneSupport/UnityEditor.WindowsStandalone.Extensions.dll
Registered in 0.001283 seconds.
Native extension for WindowsStandalone target not found
Refreshing native plugins compatible for Editor in 58.92 ms, found 3 plugins.
Preloading 0 native plugins for Editor in 0.00 ms.
Mono: successfully reloaded assembly
- Completed reload, in  0.620 seconds
Domain Reload Profiling:
	ReloadAssembly (620ms)
		BeginReloadAssembly (53ms)
			ExecutionOrderSort (0ms)
			DisableScriptedObjects (0ms)
			BackupInstance (0ms)
			ReleaseScriptingObjects (0ms)
			CreateAndSetChildDomain (1ms)
		EndReloadAssembly (497ms)
			LoadAssemblies (52ms)
			RebuildTransferFunctionScriptingTraits (0ms)
			SetupTypeCache (161ms)
			ReleaseScriptCaches (0ms)
			RebuildScriptCaches (33ms)
			SetupLoadedEditorAssemblies (193ms)
				LogAssemblyErrors (0ms)
				InitializePlatformSupportModulesInManaged (7ms)
				SetLoadedEditorAssemblies (0ms)
				RefreshPlugins (59ms)
				BeforeProcessingInitializeOnLoad (17ms)
				ProcessInitializeOnLoadAttributes (81ms)
				ProcessInitializeOnLoadMethodAttributes (28ms)
				AfterProcessingInitializeOnLoad (0ms)
				EditorAssembliesLoaded (0ms)
			ExecutionOrderSort2 (0ms)
			AwakeInstancesAfterBackupRestoration (0ms)
Platform modules already initialized, skipping
Registering precompiled user dll's ...
Registered in 0.004843 seconds.
Begin MonoManager ReloadAssembly
Native extension for WindowsStandalone target not found
Refreshing native plugins compatible for Editor in 49.51 ms, found 3 plugins.
Preloading 0 native plugins for Editor in 0.00 ms.
Mono: successfully reloaded assembly
- Completed reload, in  1.145 seconds
Domain Reload Profiling:
	ReloadAssembly (1146ms)
		BeginReloadAssembly (142ms)
			ExecutionOrderSort (0ms)
			DisableScriptedObjects (6ms)
			BackupInstance (0ms)
			ReleaseScriptingObjects (0ms)
			CreateAndSetChildDomain (19ms)
		EndReloadAssembly (945ms)
			LoadAssemblies (95ms)
			RebuildTransferFunctionScriptingTraits (0ms)
			SetupTypeCache (317ms)
			ReleaseScriptCaches (1ms)
			RebuildScriptCaches (50ms)
			SetupLoadedEditorAssemblies (359ms)
				LogAssemblyErrors (0ms)
				InitializePlatformSupportModulesInManaged (4ms)
				SetLoadedEditorAssemblies (0ms)
				RefreshPlugins (50ms)
				BeforeProcessingInitializeOnLoad (83ms)
				ProcessInitializeOnLoadAttributes (199ms)
				ProcessInitializeOnLoadMethodAttributes (19ms)
				AfterProcessingInitializeOnLoad (4ms)
				EditorAssembliesLoaded (0ms)
			ExecutionOrderSort2 (0ms)
			AwakeInstancesAfterBackupRestoration (6ms)
Platform modules already initialized, skipping
========================================================================
Worker process is ready to serve import requests
Launched and connected shader compiler UnityShaderCompiler.exe after 0.04 seconds
Refreshing native plugins compatible for Editor in 0.60 ms, found 3 plugins.
Preloading 0 native plugins for Editor in 0.00 ms.
Unloading 2194 Unused Serialized files (Serialized files now loaded: 0)
System memory in use before: 95.9 MB.
System memory in use after: 96.0 MB.

Unloading 28 unused Assets to reduce memory usage. Loaded Objects now: 2628.
Total: 3.156500 ms (FindLiveObjects: 0.220100 ms CreateObjectMapping: 0.111800 ms MarkObjects: 2.762200 ms  DeleteObjects: 0.061300 ms)

AssetImportParameters requested are different than current active one (requested -> active):
  custom:framework-win-MediaFoundation: 216162199b28c13a410421893ffa2e32 -> 
  custom:video-decoder-ogg-theora: a1e56fd34408186e4bbccfd4996cb3dc -> 
  custom:container-muxer-webm: aa71ff27fc2769a1b78a27578f13a17b -> 
  custom:container-demuxer-webm: 4f35f7cbe854078d1ac9338744f61a02 -> 
  custom:container-demuxer-ogg: 62fdf1f143b41e24485cea50d1cbac27 -> 
  custom:video-encoder-webm-vp8: eb34c28f22e8b96e1ab97ce403110664 -> 
  custom:video-decoder-webm-vp8: 9c59270c3fd7afecdb556c50c9e8de78 -> 
  custom:audio-decoder-ogg-vorbis: bf7c407c2cedff20999df2af8eb42d56 -> 
  custom:audio-encoder-webm-vorbis: bf7c407c2cedff20999df2af8eb42d56 -> 
========================================================================
Received Import Request.
  path: Assets/Sprites/Backgrounds
  artifactKey: Guid(1a7befc24685e0045b81e6ef7ca9fc8d) Importer(815301076,1909f56bfc062723c751e8b465ee728b)
Start importing Assets/Sprites/Backgrounds using Guid(1a7befc24685e0045b81e6ef7ca9fc8d) Importer(815301076,1909f56bfc062723c751e8b465ee728b)  -> (artifact id: 'a9f87c1bfd8962fa4ae5ac691c668bce') in 0.004391 seconds 
  Import took 0.009808 seconds .

========================================================================
Received Import Request.
  Time since last request: 0.000261 seconds.
  path: Assets/Sprites/Blocks
  artifactKey: Guid(0a5b85b1a3a6ca948af8750123cd7f0e) Importer(815301076,1909f56bfc062723c751e8b465ee728b)
Start importing Assets/Sprites/Blocks using Guid(0a5b85b1a3a6ca948af8750123cd7f0e) Importer(815301076,1909f56bfc062723c751e8b465ee728b)  -> (artifact id: 'eaf972f5193ba8ab2995913d5c727b36') in 0.005005 seconds 
  Import took 0.013288 seconds .

========================================================================
Received Import Request.
  Time since last request: 0.426675 seconds.
  path: Assets/Sprites/Backgrounds/BG_GreenHills.png
  artifactKey: Guid(f8813036611eb984ab1a0d66ccdbc704) Importer(815301076,1909f56bfc062723c751e8b465ee728b)
Start importing Assets/Sprites/Backgrounds/BG_GreenHills.png using Guid(f8813036611eb984ab1a0d66ccdbc704) Importer(815301076,1909f56bfc062723c751e8b465ee728b)  -> (artifact id: 'd94c77cc1da4ba190969078cac7ddfab') in 0.103304 seconds 
  Import took 0.111261 seconds .

========================================================================
Received Import Request.
  Time since last request: 5.355310 seconds.
  path: Assets/Sprites/Backgrounds/BG_City.png
  artifactKey: Guid(3e791915aa3004c4baed949356148ea1) Importer(815301076,1909f56bfc062723c751e8b465ee728b)
Start importing Assets/Sprites/Backgrounds/BG_City.png using Guid(3e791915aa3004c4baed949356148ea1) Importer(815301076,1909f56bfc062723c751e8b465ee728b)  -> (artifact id: '1dad12ee2054ab14bd31a1e17eb8394b') in 0.021032 seconds 
  Import took 0.027711 seconds .

========================================================================
Received Import Request.
  Time since last request: 4.856796 seconds.
  path: Assets/Sprites/Backgrounds/BG_Space.png
  artifactKey: Guid(bab9854c731f63442978c2b672a1d04d) Importer(815301076,1909f56bfc062723c751e8b465ee728b)
Start importing Assets/Sprites/Backgrounds/BG_Space.png using Guid(bab9854c731f63442978c2b672a1d04d) Importer(815301076,1909f56bfc062723c751e8b465ee728b)  -> (artifact id: '4938b997cc5b268ef3ba2ae2fc9177cc') in 0.017701 seconds 
  Import took 0.023134 seconds .

========================================================================
Received Import Request.
  Time since last request: 3663.014790 seconds.
  path: Assets/Sprites/Backgrounds/Khaenri'ah.jpg
  artifactKey: Guid(deff5f9593840b44588802272244c3f9) Importer(815301076,1909f56bfc062723c751e8b465ee728b)
Start importing Assets/Sprites/Backgrounds/Khaenri'ah.jpg using Guid(deff5f9593840b44588802272244c3f9) Importer(815301076,1909f56bfc062723c751e8b465ee728b)  -> (artifact id: '7bdd933e3ab6752eefabcb1d29d161b4') in 0.159794 seconds 
  Import took 0.324733 seconds .

========================================================================
Received Import Request.
  Time since last request: 11384.999320 seconds.
  path: Assets/Sprites/Buildings/DoorIron.png
  artifactKey: Guid(01cd4d459efd22c409cf9637b5ff2801) Importer(815301076,1909f56bfc062723c751e8b465ee728b)
Start importing Assets/Sprites/Buildings/DoorIron.png using Guid(01cd4d459efd22c409cf9637b5ff2801) Importer(815301076,1909f56bfc062723c751e8b465ee728b)  -> (artifact id: 'fd083de209066d48164ecda2fd2184b3') in 0.096847 seconds 
  Import took 0.146014 seconds .

========================================================================
Received Import Request.
  Time since last request: 0.944188 seconds.
  path: Assets/Sprites/Buildings/DoorReinforced.png
  artifactKey: Guid(1f1f9b763f3b3a24ea5e0a659c53dedd) Importer(815301076,1909f56bfc062723c751e8b465ee728b)
Start importing Assets/Sprites/Buildings/DoorReinforced.png using Guid(1f1f9b763f3b3a24ea5e0a659c53dedd) Importer(815301076,1909f56bfc062723c751e8b465ee728b)  -> (artifact id: 'a8d91314d4aec4c7705f190c62c60f71') in 0.038183 seconds 
  Import took 0.044360 seconds .

========================================================================
Received Import Request.
  Time since last request: 0.612037 seconds.
  path: Assets/Sprites/Buildings/Wall1.png
  artifactKey: Guid(302c09cfb376d9e4a94687052b1baca4) Importer(815301076,1909f56bfc062723c751e8b465ee728b)
Start importing Assets/Sprites/Buildings/Wall1.png using Guid(302c09cfb376d9e4a94687052b1baca4) Importer(815301076,1909f56bfc062723c751e8b465ee728b)  -> (artifact id: '71a617909bc9336ad344eaa78610829f') in 0.029248 seconds 
  Import took 0.039003 seconds .

========================================================================
Received Import Request.
  Time since last request: 1.433615 seconds.
  path: Assets/Sprites/Buildings/Wall5.png
  artifactKey: Guid(2d8fa752a38f2fe47b6b4b2dc11163df) Importer(815301076,1909f56bfc062723c751e8b465ee728b)
Start importing Assets/Sprites/Buildings/Wall5.png using Guid(2d8fa752a38f2fe47b6b4b2dc11163df) Importer(815301076,1909f56bfc062723c751e8b465ee728b)  -> (artifact id: 'f9d783e60a08bd4736db944890f9ce6c') in 0.023975 seconds 
  Import took 0.033391 seconds .

========================================================================
Received Import Request.
  Time since last request: 102.639723 seconds.
  path: Assets/Sprites/Buildings/Wall2.png
  artifactKey: Guid(e76dc6dc5390e9e49bdf0681974b6ec4) Importer(815301076,1909f56bfc062723c751e8b465ee728b)
Start importing Assets/Sprites/Buildings/Wall2.png using Guid(e76dc6dc5390e9e49bdf0681974b6ec4) Importer(815301076,1909f56bfc062723c751e8b465ee728b)  -> (artifact id: '04a01d4f2aa4078a5787f1d067e66faa') in 0.024120 seconds 
  Import took 0.032453 seconds .

========================================================================
Received Import Request.
  Time since last request: 0.940661 seconds.
  path: Assets/Sprites/Buildings/Wall4.png
  artifactKey: Guid(fc3cd5bdb534fd444bc2ba864e9b3d86) Importer(815301076,1909f56bfc062723c751e8b465ee728b)
Start importing Assets/Sprites/Buildings/Wall4.png using Guid(fc3cd5bdb534fd444bc2ba864e9b3d86) Importer(815301076,1909f56bfc062723c751e8b465ee728b)  -> (artifact id: 'be0012e03cfe35abbb561bf7c2e55eb0') in 0.025350 seconds 
  Import took 0.034710 seconds .

========================================================================
Received Import Request.
  Time since last request: 3.614121 seconds.
  path: Assets/Sprites/Buildings/Wall6 Monochrome.png
  artifactKey: Guid(a725d1f03994c1f4d9cb2960cb272935) Importer(815301076,1909f56bfc062723c751e8b465ee728b)
Start importing Assets/Sprites/Buildings/Wall6 Monochrome.png using Guid(a725d1f03994c1f4d9cb2960cb272935) Importer(815301076,1909f56bfc062723c751e8b465ee728b)  -> (artifact id: 'fad83817e9ba9700d6666424744aae85') in 0.034046 seconds 
  Import took 0.046878 seconds .

========================================================================
Received Import Request.
  Time since last request: 423.863203 seconds.
  path: Assets/titlemap/Wall5.asset
  artifactKey: Guid(f3fe189854cb3aa4e8f3c093fa6b6635) Importer(815301076,1909f56bfc062723c751e8b465ee728b)
Start importing Assets/titlemap/Wall5.asset using Guid(f3fe189854cb3aa4e8f3c093fa6b6635) Importer(815301076,1909f56bfc062723c751e8b465ee728b)  -> (artifact id: 'c06d1f1175850668cdf49657d32e28b8') in 0.228216 seconds 
  Import took 0.235703 seconds .

========================================================================
Received Import Request.
  Time since last request: 22.173580 seconds.
  path: Assets/COPY SPRIGHT/2D Character - Astronaut/Tilemap/desert_05.asset
  artifactKey: Guid(addce39d6a59a7a46a960f3963203b92) Importer(815301076,1909f56bfc062723c751e8b465ee728b)
Start importing Assets/COPY SPRIGHT/2D Character - Astronaut/Tilemap/desert_05.asset using Guid(addce39d6a59a7a46a960f3963203b92) Importer(815301076,1909f56bfc062723c751e8b465ee728b)  -> (artifact id: 'b38a5bc6f34bfc16fd12f5cd6dccc93e') in 0.030570 seconds 
  Import took 0.036579 seconds .

========================================================================
Received Import Request.
  Time since last request: 4.694883 seconds.
  path: Assets/COPY SPRIGHT/2D Character - Astronaut/Tilemap/desert_08.asset
  artifactKey: Guid(e8e708254d772ba48bc19ba352837ead) Importer(815301076,1909f56bfc062723c751e8b465ee728b)
Start importing Assets/COPY SPRIGHT/2D Character - Astronaut/Tilemap/desert_08.asset using Guid(e8e708254d772ba48bc19ba352837ead) Importer(815301076,1909f56bfc062723c751e8b465ee728b)  -> (artifact id: '83e624a56d5000554e25db6665742f38') in 0.022928 seconds 
  Import took 0.029769 seconds .

========================================================================
Received Import Request.
  Time since last request: 1.649780 seconds.
  path: Assets/COPY SPRIGHT/2D Character - Astronaut/Tilemap/desert_04.asset
  artifactKey: Guid(feb5d8c52686f0b48b7c1f03b3f1d924) Importer(815301076,1909f56bfc062723c751e8b465ee728b)
Start importing Assets/COPY SPRIGHT/2D Character - Astronaut/Tilemap/desert_04.asset using Guid(feb5d8c52686f0b48b7c1f03b3f1d924) Importer(815301076,1909f56bfc062723c751e8b465ee728b)  -> (artifact id: '35f62ec703e6c81b9a65261c4a31b413') in 0.020376 seconds 
  Import took 0.028971 seconds .

========================================================================
Received Import Request.
  Time since last request: 77.295166 seconds.
  path: Assets/COPY SPRIGHT/2D Character - Astronaut/Sprites/world_desert.png
  artifactKey: Guid(0ece8860f6ff7b949bcc603e99fefe92) Importer(815301076,1909f56bfc062723c751e8b465ee728b)
Start importing Assets/COPY SPRIGHT/2D Character - Astronaut/Sprites/world_desert.png using Guid(0ece8860f6ff7b949bcc603e99fefe92) Importer(815301076,1909f56bfc062723c751e8b465ee728b)  -> (artifact id: '8084f1d4d85456765d154e899ef9a1ad') in 1.186513 seconds 
  Import took 1.409120 seconds .

AssetImportWorkerClient::OnTransportError - code=2 error=End of file
